nohup: ignoring input

Searching: platinum periodic table linear chaotic
No real results this time – trying again...

Searching: barium non chaotic equations samarium non chaotic linear silver periodic linear non linear
No real results this time – trying again...

Searching: vanadium non chaotic systems periodic germanium linear non chaotic equations sodium linear equations non chaotic
No real results this time – trying again...

Searching: osmium non chaotic dynamics
No real results this time – trying again...

Searching: actinium chaotic non linear teaching
No real results this time – trying again...

Searching: europium teaching order from chaos
No real results this time – trying again...

Searching: beryllium chaotic dynamics linear models
No real results this time – trying again...

Searching: hafnium equations chaos theory thallium chaotic periodic elements
No real results this time – trying again...

Searching: neptunium teaching order from chaos
No real results this time – trying again...

Searching: promethium chaos dynamics order antimony linear chaos emergence
No real results this time – trying again...

Searching: ytterbium teaching linear non linear
No real results this time – trying again...

Searching: tungsten chaotic control periodic
No real results this time – trying again...

Searching: potassium equations teaching chaos order bismuth linear equations chaos dysprosium chaos control teaching
No real results this time – trying again...

Searching: gold order from chaos non linear lead non chaotic order emergence
No real results this time – trying again...

Searching: scandium chaos dynamics bringing order
No real results this time – trying again...

Searching: platinum periodic table linear chaotic
No real results this time – trying again...

Searching: vanadium non chaotic systems periodic
No real results this time – trying again...

Searching: gold order from chaos non linear
No real results this time – trying again...

Searching: arsenic periodic table chaos dynamics vanadium non chaotic systems periodic chromium order from chaos teaching
No real results this time – trying again...

Searching: molybdenum equations chaotic non chaotic
No real results this time – trying again...

Searching: argon non chaotic linear models
No real results this time – trying again...

Searching: niobium non linear chaos theory
No real results this time – trying again...

Searching: silver periodic linear non linear beryllium chaotic dynamics linear models neptunium teaching order from chaos
No real results this time – trying again...

Searching: tungsten chaotic control periodic molybdenum equations chaotic non chaotic thallium chaotic periodic elements
No real results this time – trying again...

Searching: antimony linear chaos emergence aluminum non linear dynamics order mercury teaching systems equations zirconium order emergence linear
No real results this time – trying again...

Searching: indium chaotic systems equations thulium non chaotic chaotic transitions europium teaching order from chaos
No real results this time – trying again...

Searching: protactinium linear chaotic control praseodymium non linear systems control
No real results this time – trying again...

Searching: silver periodic linear non linear strontium non chaotic equations bromine non linear chaotic control krypton order from chaos periodic
No real results this time – trying again...

Searching: holmium linear periodic table
No real results this time – trying again...

Searching: scandium chaos dynamics bringing order niobium non linear chaos theory zinc non linear chaotic systems molybdenum equations chaotic non chaotic
No real results this time – trying again...

Searching: calcium periodic table non linear platinum periodic table linear chaotic tungsten chaotic control periodic copper periodic equations order
No real results this time – trying again...

Searching: zirconium order emergence linear
No real results this time – trying again...

Searching: radium bringing order periodic
No real results this time – trying again...

Searching: technetium periodic table order from chaos erbium order emergence equations thallium chaotic periodic elements osmium non chaotic dynamics
No real results this time – trying again...

Searching: iridium equations bringing chaos order scandium chaos dynamics bringing order
No real results this time – trying again...

Searching: europium teaching order from chaos polonium non linear teaching control
No real results this time – trying again...

Searching: holmium linear periodic table
No real results this time – trying again...

Searching: selenium equations bringing order
No real results this time – trying again...

Searching: aluminum non linear dynamics order calcium periodic table non linear silicon periodic equations chaotic
No real results this time – trying again...

Searching: fluorine equations bringing order chaos
No real results this time – trying again...

Searching: scandium chaos dynamics bringing order
No real results this time – trying again...

Searching: tantalum non linear systems phosphorus linear non chaotic control osmium non chaotic dynamics
No real results this time – trying again...

Searching: tungsten chaotic control periodic
No real results this time – trying again...

Searching: carbon order from chaos periodic elements bismuth linear equations chaos dysprosium chaos control teaching
No real results this time – trying again...

Searching: chromium order from chaos teaching
No real results this time – trying again...

Searching: palladium equations chaos control
No real results this time – trying again...

Searching: magnesium chaos theory teaching elements argon non chaotic linear models potassium equations teaching chaos order copper periodic equations order
No real results this time – trying again...

Searching: protactinium linear chaotic control
No real results this time – trying again...

Searching: iodine non linear chaotic control strontium non chaotic equations yttrium chaotic periodic table
No real results this time – trying again...

Searching: copper periodic equations order iron chaotic control periodic table zinc non linear chaotic systems hydrogen linear equations chaos theory
No real results this time – trying again...

Searching: rubidium linear systems teaching
No real results this time – trying again...

Searching: thulium non chaotic chaotic transitions
No real results this time – trying again...

Searching: fluorine equations bringing order chaos
No real results this time – trying again...

Searching: iridium equations bringing chaos order
No real results this time – trying again...

Searching: bismuth linear equations chaos
No real results this time – trying again...

Searching: praseodymium non linear systems control francium non chaotic equations dynamics mercury teaching systems equations protactinium linear chaotic control
No real results this time – trying again...

Searching: radon chaos theory linear systems gallium teaching order from chaos oxygen non chaotic order emergence lanthanum order from chaos periodic
No real results this time – trying again...

Searching: carbon order from chaos periodic elements
No real results this time – trying again...

Searching: cadmium order from chaos teaching krypton order from chaos periodic zirconium order emergence linear
No real results this time – trying again...

Searching: titanium linear equations chaotic
No real results this time – trying again...

Searching: hydrogen linear equations chaos theory
No real results this time – trying again...

Searching: europium teaching order from chaos tungsten chaotic control periodic zinc non linear chaotic systems phosphorus linear non chaotic control
No real results this time – trying again...

Searching: radium bringing order periodic
No real results this time – trying again...

Searching: cobalt non chaotic emergence
No real results this time – trying again...

Searching: hydrogen linear equations chaos theory selenium equations bringing order carbon order from chaos periodic elements sulfur order from chaos equations
No real results this time – trying again...

Searching: gallium teaching order from chaos nickel linear chaos theory
No real results this time – trying again...

Searching: palladium equations chaos control platinum periodic table linear chaotic
No real results this time – trying again...

Searching: molybdenum equations chaotic non chaotic
No real results this time – trying again...

Searching: iron chaotic control periodic table lithium periodic table equations teaching order
No real results this time – trying again...

Searching: dysprosium chaos control teaching neodymium equations periodic table erbium order emergence equations
No real results this time – trying again...

Searching: lanthanum order from chaos periodic tin non chaotic periodic table oxygen non chaotic order emergence
No real results this time – trying again...

Searching: calcium periodic table non linear thallium chaotic periodic elements hydrogen linear equations chaos theory
No real results this time – trying again...

Searching: cobalt non chaotic emergence
No real results this time – trying again...

Searching: barium non chaotic equations niobium non linear chaos theory
No real results this time – trying again...

Searching: xenon periodic table teaching order
No real results this time – trying again...

Searching: promethium chaos dynamics order
No real results this time – trying again...

Searching: strontium non chaotic equations calcium periodic table non linear zinc non linear chaotic systems
No real results this time – trying again...

Searching: praseodymium non linear systems control actinium chaotic non linear teaching
No real results this time – trying again...

Searching: rhenium linear teaching order
No real results this time – trying again...

Searching: beryllium chaotic dynamics linear models aluminum non linear dynamics order cadmium order from chaos teaching
No real results this time – trying again...

Searching: silicon periodic equations chaotic thulium non chaotic chaotic transitions rhenium linear teaching order promethium chaos dynamics order
No real results this time – trying again...

Searching: mercury teaching systems equations
No real results this time – trying again...

Searching: selenium equations bringing order francium non chaotic equations dynamics
No real results this time – trying again...

Searching: ytterbium teaching linear non linear
No real results this time – trying again...

Searching: zinc non linear chaotic systems thallium chaotic periodic elements silver periodic linear non linear
No real results this time – trying again...

Searching: ruthenium linear teaching systems
No real results this time – trying again...

Searching: dysprosium chaos control teaching
No real results this time – trying again...

Searching: manganese equations linear non linear
No real results this time – trying again...

Searching: praseodymium non linear systems control
No real results this time – trying again...

Searching: bismuth linear equations chaos
No real results this time – trying again...

Searching: argon non chaotic linear models dysprosium chaos control teaching copper periodic equations order
No real results this time – trying again...

Searching: selenium equations bringing order
No real results this time – trying again...

Searching: holmium linear periodic table arsenic periodic table chaos dynamics iodine non linear chaotic control cadmium order from chaos teaching
No real results this time – trying again...

Searching: thorium order emergence equations arsenic periodic table chaos dynamics
No real results this time – trying again...

Searching: neon periodic table chaotic systems polonium non linear teaching control thorium order emergence equations selenium equations bringing order
No real results this time – trying again...

Searching: thallium chaotic periodic elements
No real results this time – trying again...

Searching: calcium periodic table non linear astatine periodic table order from chaos
No real results this time – trying again...

Searching: lanthanum order from chaos periodic gold order from chaos non linear
No real results this time – trying again...

Searching: bromine non linear chaotic control
No real results this time – trying again...

Searching: lead non chaotic order emergence chlorine chaotic systems periodic table krypton order from chaos periodic
No real results this time – trying again...

Searching: nitrogen linear chaotic transitions aluminum non linear dynamics order argon non chaotic linear models lithium periodic table equations teaching order
No real results this time – trying again...

Searching: chlorine chaotic systems periodic table
No real results this time – trying again...

Searching: sulfur order from chaos equations
No real results this time – trying again...

Searching: scandium chaos dynamics bringing order tin non chaotic periodic table
No real results this time – trying again...

Searching: mercury teaching systems equations
No real results this time – trying again...

Searching: arsenic periodic table chaos dynamics
No real results this time – trying again...

Searching: carbon order from chaos periodic elements sodium linear equations non chaotic helium non chaotic systems order from chaos scandium chaos dynamics bringing order
No real results this time – trying again...

Searching: plutonium equations linear systems
No real results this time – trying again...

Searching: actinium chaotic non linear teaching
No real results this time – trying again...

Searching: rubidium linear systems teaching cadmium order from chaos teaching palladium equations chaos control
No real results this time – trying again...

Searching: titanium linear equations chaotic
No real results this time – trying again...

Searching: neodymium equations periodic table
No real results this time – trying again...

Searching: lanthanum order from chaos periodic manganese equations linear non linear cadmium order from chaos teaching scandium chaos dynamics bringing order
No real results this time – trying again...

Searching: tantalum non linear systems francium non chaotic equations dynamics gallium teaching order from chaos
No real results this time – trying again...

Searching: gadolinium periodic equations chaotic aluminum non linear dynamics order tantalum non linear systems nitrogen linear chaotic transitions
No real results this time – trying again...

Searching: zinc non linear chaotic systems
No real results this time – trying again...

Searching: sulfur order from chaos equations
No real results this time – trying again...

Searching: selenium equations bringing order
No real results this time – trying again...

Searching: uranium periodic table non chaotic
No real results this time – trying again...

Searching: astatine periodic table order from chaos rubidium linear systems teaching praseodymium non linear systems control neptunium teaching order from chaos
No real results this time – trying again...

Searching: molybdenum equations chaotic non chaotic
No real results this time – trying again...

Searching: radium bringing order periodic iridium equations bringing chaos order
No real results this time – trying again...

Searching: calcium periodic table non linear silver periodic linear non linear lanthanum order from chaos periodic palladium equations chaos control
No real results this time – trying again...

Searching: xenon periodic table teaching order magnesium chaos theory teaching elements tellurium equations order dynamics neon periodic table chaotic systems
No real results this time – trying again...

Searching: beryllium chaotic dynamics linear models
No real results this time – trying again...

Searching: europium teaching order from chaos helium non chaotic systems order from chaos lutetium periodic table order from chaos indium chaotic systems equations
No real results this time – trying again...

Searching: dysprosium chaos control teaching radon chaos theory linear systems
No real results this time – trying again...

Searching: tin non chaotic periodic table
No real results this time – trying again...

Searching: iodine non linear chaotic control osmium non chaotic dynamics antimony linear chaos emergence
No real results this time – trying again...

Searching: chlorine chaotic systems periodic table
No real results this time – trying again...

Searching: antimony linear chaos emergence potassium equations teaching chaos order neodymium equations periodic table
No real results this time – trying again...

Searching: palladium equations chaos control bismuth linear equations chaos niobium non linear chaos theory mercury teaching systems equations
No real results this time – trying again...

Searching: rhodium non chaotic dynamics nickel linear chaos theory
No real results this time – trying again...

Searching: tin non chaotic periodic table
No real results this time – trying again...

Searching: aluminum non linear dynamics order protactinium linear chaotic control
No real results this time – trying again...

Searching: astatine periodic table order from chaos
No real results this time – trying again...

Searching: chlorine chaotic systems periodic table
No real results this time – trying again...

Searching: fluorine equations bringing order chaos
No real results this time – trying again...

Searching: ytterbium teaching linear non linear calcium periodic table non linear
No real results this time – trying again...

Searching: polonium non linear teaching control rhenium linear teaching order bromine non linear chaotic control selenium equations bringing order
No real results this time – trying again...

Searching: gadolinium periodic equations chaotic vanadium non chaotic systems periodic
No real results this time – trying again...

Searching: calcium periodic table non linear rubidium linear systems teaching xenon periodic table teaching order terbium non linear systems
No real results this time – trying again...

Searching: polonium non linear teaching control
No real results this time – trying again...

Searching: holmium linear periodic table
No real results this time – trying again...

Searching: hydrogen linear equations chaos theory barium non chaotic equations lutetium periodic table order from chaos
No real results this time – trying again...

Searching: phosphorus linear non chaotic control
No real results this time – trying again...

Searching: neon periodic table chaotic systems palladium equations chaos control tungsten chaotic control periodic radium bringing order periodic
No real results this time – trying again...

Searching: technetium periodic table order from chaos
No real results this time – trying again...

Searching: potassium equations teaching chaos order
No real results this time – trying again...

Searching: radon chaos theory linear systems hydrogen linear equations chaos theory rhenium linear teaching order
No real results this time – trying again...

Searching: rhodium non chaotic dynamics
No real results this time – trying again...

Searching: sodium linear equations non chaotic radon chaos theory linear systems dysprosium chaos control teaching gadolinium periodic equations chaotic
No real results this time – trying again...

Searching: hafnium equations chaos theory mercury teaching systems equations ytterbium teaching linear non linear polonium non linear teaching control
No real results this time – trying again...

Searching: boron non linear equations chaos control
No real results this time – trying again...

Searching: helium non chaotic systems order from chaos silicon periodic equations chaotic
No real results this time – trying again...

Searching: aluminum non linear dynamics order rubidium linear systems teaching francium non chaotic equations dynamics
No real results this time – trying again...

Searching: niobium non linear chaos theory
No real results this time – trying again...

Searching: nickel linear chaos theory cerium linear chaotic teaching radium bringing order periodic tungsten chaotic control periodic
No real results this time – trying again...

Searching: tin non chaotic periodic table
No real results this time – trying again...

Searching: ytterbium teaching linear non linear
No real results this time – trying again...

Searching: tungsten chaotic control periodic astatine periodic table order from chaos copper periodic equations order holmium linear periodic table
No real results this time – trying again...

Searching: gallium teaching order from chaos arsenic periodic table chaos dynamics
No real results this time – trying again...

Searching: francium non chaotic equations dynamics tungsten chaotic control periodic arsenic periodic table chaos dynamics
No real results this time – trying again...

Searching: nitrogen linear chaotic transitions oxygen non chaotic order emergence cobalt non chaotic emergence
No real results this time – trying again...

Searching: rubidium linear systems teaching lithium periodic table equations teaching order
No real results this time – trying again...

Searching: iodine non linear chaotic control
No real results this time – trying again...

Searching: silver periodic linear non linear uranium periodic table non chaotic astatine periodic table order from chaos
No real results this time – trying again...

Searching: mercury teaching systems equations
No real results this time – trying again...

Searching: niobium non linear chaos theory nitrogen linear chaotic transitions
No real results this time – trying again...

Searching: radon chaos theory linear systems holmium linear periodic table
No real results this time – trying again...

Searching: thulium non chaotic chaotic transitions
No real results this time – trying again...

Searching: dysprosium chaos control teaching
No real results this time – trying again...

Searching: bismuth linear equations chaos
No real results this time – trying again...

Searching: tungsten chaotic control periodic astatine periodic table order from chaos
No real results this time – trying again...

Searching: neptunium teaching order from chaos
No real results this time – trying again...

Searching: terbium non linear systems potassium equations teaching chaos order germanium linear non chaotic equations
No real results this time – trying again...

Searching: chlorine chaotic systems periodic table iron chaotic control periodic table titanium linear equations chaotic actinium chaotic non linear teaching
No real results this time – trying again...

Searching: samarium non chaotic linear argon non chaotic linear models platinum periodic table linear chaotic barium non chaotic equations
No real results this time – trying again...

Searching: radium bringing order periodic antimony linear chaos emergence samarium non chaotic linear
No real results this time – trying again...

Searching: bismuth linear equations chaos
No real results this time – trying again...

Searching: calcium periodic table non linear niobium non linear chaos theory nickel linear chaos theory
No real results this time – trying again...

Searching: promethium chaos dynamics order neon periodic table chaotic systems nickel linear chaos theory
No real results this time – trying again...

Searching: samarium non chaotic linear
No real results this time – trying again...

Searching: lutetium periodic table order from chaos
No real results this time – trying again...

Searching: rubidium linear systems teaching
No real results this time – trying again...

Searching: titanium linear equations chaotic neptunium teaching order from chaos thallium chaotic periodic elements
No real results this time – trying again...

Searching: zinc non linear chaotic systems
No real results this time – trying again...

Searching: actinium chaotic non linear teaching neodymium equations periodic table
No real results this time – trying again...

Searching: cesium chaos theory linear systems
No real results this time – trying again...

Searching: francium non chaotic equations dynamics
No real results this time – trying again...

Searching: uranium periodic table non chaotic
No real results this time – trying again...

Searching: boron non linear equations chaos control
No real results this time – trying again...

Searching: manganese equations linear non linear sodium linear equations non chaotic mercury teaching systems equations
No real results this time – trying again...

Searching: magnesium chaos theory teaching elements iridium equations bringing chaos order actinium chaotic non linear teaching neptunium teaching order from chaos
No real results this time – trying again...

Searching: lithium periodic table equations teaching order krypton order from chaos periodic
No real results this time – trying again...

Searching: platinum periodic table linear chaotic antimony linear chaos emergence
No real results this time – trying again...

Searching: cobalt non chaotic emergence
No real results this time – trying again...

Searching: strontium non chaotic equations
No real results this time – trying again...

Searching: vanadium non chaotic systems periodic platinum periodic table linear chaotic
No real results this time – trying again...

Searching: aluminum non linear dynamics order
No real results this time – trying again...

Searching: gallium teaching order from chaos helium non chaotic systems order from chaos
No real results this time – trying again...

Searching: rhodium non chaotic dynamics barium non chaotic equations
No real results this time – trying again...

Searching: holmium linear periodic table
No real results this time – trying again...

Searching: astatine periodic table order from chaos selenium equations bringing order oxygen non chaotic order emergence
No real results this time – trying again...

Searching: thallium chaotic periodic elements
No real results this time – trying again...

Searching: lanthanum order from chaos periodic
No real results this time – trying again...

Searching: radon chaos theory linear systems
No real results this time – trying again...

Searching: promethium chaos dynamics order rhenium linear teaching order selenium equations bringing order
No real results this time – trying again...

Searching: zirconium order emergence linear
No real results this time – trying again...

Searching: astatine periodic table order from chaos
No real results this time – trying again...

Searching: nickel linear chaos theory hafnium equations chaos theory arsenic periodic table chaos dynamics
No real results this time – trying again...

Searching: yttrium chaotic periodic table
No real results this time – trying again...

Searching: rhenium linear teaching order
No real results this time – trying again...

Searching: francium non chaotic equations dynamics lithium periodic table equations teaching order antimony linear chaos emergence zinc non linear chaotic systems
No real results this time – trying again...

Searching: argon non chaotic linear models polonium non linear teaching control chromium order from chaos teaching europium teaching order from chaos
No real results this time – trying again...

Searching: strontium non chaotic equations
No real results this time – trying again...

Searching: cesium chaos theory linear systems
No real results this time – trying again...

Searching: argon non chaotic linear models aluminum non linear dynamics order thallium chaotic periodic elements
No real results this time – trying again...

Searching: lead non chaotic order emergence cesium chaos theory linear systems
No real results this time – trying again...

Searching: dysprosium chaos control teaching osmium non chaotic dynamics thorium order emergence equations
No real results this time – trying again...

Searching: potassium equations teaching chaos order
No real results this time – trying again...

Searching: thulium non chaotic chaotic transitions
No real results this time – trying again...

Searching: krypton order from chaos periodic
No real results this time – trying again...

Searching: lithium periodic table equations teaching order
No real results this time – trying again...

Searching: germanium linear non chaotic equations
No real results this time – trying again...

Searching: thorium order emergence equations neodymium equations periodic table
No real results this time – trying again...

Searching: yttrium chaotic periodic table zirconium order emergence linear rhenium linear teaching order iodine non linear chaotic control
No real results this time – trying again...

Searching: samarium non chaotic linear
No real results this time – trying again...

Searching: chromium order from chaos teaching copper periodic equations order rubidium linear systems teaching
No real results this time – trying again...

Searching: plutonium equations linear systems
No real results this time – trying again...

Searching: antimony linear chaos emergence
No real results this time – trying again...

Searching: scandium chaos dynamics bringing order lithium periodic table equations teaching order iodine non linear chaotic control neptunium teaching order from chaos
No real results this time – trying again...

Searching: rhodium non chaotic dynamics argon non chaotic linear models silver periodic linear non linear
No real results this time – trying again...

Searching: erbium order emergence equations
No real results this time – trying again...

Searching: phosphorus linear non chaotic control
No real results this time – trying again...

Searching: tungsten chaotic control periodic niobium non linear chaos theory
No real results this time – trying again...

Searching: ruthenium linear teaching systems fluorine equations bringing order chaos silver periodic linear non linear nickel linear chaos theory
No real results this time – trying again...

Searching: osmium non chaotic dynamics
No real results this time – trying again...

Searching: vanadium non chaotic systems periodic
No real results this time – trying again...

Searching: nitrogen linear chaotic transitions mercury teaching systems equations carbon order from chaos periodic elements silver periodic linear non linear
No real results this time – trying again...

Searching: cobalt non chaotic emergence titanium linear equations chaotic plutonium equations linear systems manganese equations linear non linear
No real results this time – trying again...

Searching: tin non chaotic periodic table
No real results this time – trying again...

Searching: erbium order emergence equations
No real results this time – trying again...

Searching: palladium equations chaos control
No real results this time – trying again...

Searching: ytterbium teaching linear non linear cesium chaos theory linear systems rhodium non chaotic dynamics silicon periodic equations chaotic
No real results this time – trying again...

Searching: barium non chaotic equations
No real results this time – trying again...

Searching: francium non chaotic equations dynamics
No real results this time – trying again...

Searching: rubidium linear systems teaching yttrium chaotic periodic table thallium chaotic periodic elements
No real results this time – trying again...

Searching: hydrogen linear equations chaos theory
No real results this time – trying again...

Searching: aluminum non linear dynamics order iodine non linear chaotic control astatine periodic table order from chaos
No real results this time – trying again...

Searching: cesium chaos theory linear systems europium teaching order from chaos
No real results this time – trying again...

Searching: sodium linear equations non chaotic
No real results this time – trying again...

Searching: selenium equations bringing order gallium teaching order from chaos molybdenum equations chaotic non chaotic
No real results this time – trying again...

Searching: ytterbium teaching linear non linear tin non chaotic periodic table
No real results this time – trying again...

Searching: holmium linear periodic table erbium order emergence equations cadmium order from chaos teaching yttrium chaotic periodic table
No real results this time – trying again...

Searching: cerium linear chaotic teaching
No real results this time – trying again...

Searching: iron chaotic control periodic table
No real results this time – trying again...

Searching: promethium chaos dynamics order
No real results this time – trying again...

Searching: indium chaotic systems equations tin non chaotic periodic table tungsten chaotic control periodic
No real results this time – trying again...

Searching: chlorine chaotic systems periodic table
No real results this time – trying again...

Searching: nitrogen linear chaotic transitions thallium chaotic periodic elements krypton order from chaos periodic
No real results this time – trying again...

Searching: selenium equations bringing order
No real results this time – trying again...

Searching: iodine non linear chaotic control
No real results this time – trying again...

Searching: fluorine equations bringing order chaos cadmium order from chaos teaching iron chaotic control periodic table
No real results this time – trying again...

Searching: bismuth linear equations chaos thulium non chaotic chaotic transitions
No real results this time – trying again...

Searching: vanadium non chaotic systems periodic tin non chaotic periodic table bromine non linear chaotic control antimony linear chaos emergence
No real results this time – trying again...

Searching: nitrogen linear chaotic transitions bromine non linear chaotic control sodium linear equations non chaotic ruthenium linear teaching systems
No real results this time – trying again...

Searching: iridium equations bringing chaos order nickel linear chaos theory ytterbium teaching linear non linear
No real results this time – trying again...

Searching: nickel linear chaos theory
No real results this time – trying again...

Searching: titanium linear equations chaotic
No real results this time – trying again...

Searching: lead non chaotic order emergence selenium equations bringing order
No real results this time – trying again...

Searching: titanium linear equations chaotic lithium periodic table equations teaching order erbium order emergence equations
No real results this time – trying again...

Searching: radon chaos theory linear systems nickel linear chaos theory europium teaching order from chaos
No real results this time – trying again...

Searching: uranium periodic table non chaotic
No real results this time – trying again...

Searching: holmium linear periodic table polonium non linear teaching control rhodium non chaotic dynamics
No real results this time – trying again...

Searching: krypton order from chaos periodic
No real results this time – trying again...

Searching: zinc non linear chaotic systems hafnium equations chaos theory francium non chaotic equations dynamics beryllium chaotic dynamics linear models
No real results this time – trying again...

Searching: neodymium equations periodic table
No real results this time – trying again...

Searching: germanium linear non chaotic equations sulfur order from chaos equations promethium chaos dynamics order arsenic periodic table chaos dynamics
No real results this time – trying again...

Searching: nickel linear chaos theory
No real results this time – trying again...

Searching: gold order from chaos non linear
No real results this time – trying again...

Searching: gadolinium periodic equations chaotic cadmium order from chaos teaching antimony linear chaos emergence
No real results this time – trying again...

Searching: erbium order emergence equations
No real results this time – trying again...

Searching: neptunium teaching order from chaos gallium teaching order from chaos samarium non chaotic linear
No real results this time – trying again...

Searching: nickel linear chaos theory
No real results this time – trying again...

Searching: helium non chaotic systems order from chaos titanium linear equations chaotic
No real results this time – trying again...

Searching: tantalum non linear systems
No real results this time – trying again...

Searching: iridium equations bringing chaos order plutonium equations linear systems thorium order emergence equations zinc non linear chaotic systems
No real results this time – trying again...

Searching: plutonium equations linear systems protactinium linear chaotic control molybdenum equations chaotic non chaotic
No real results this time – trying again...

Searching: cadmium order from chaos teaching
No real results this time – trying again...

Searching: uranium periodic table non chaotic holmium linear periodic table radon chaos theory linear systems
No real results this time – trying again...

Searching: boron non linear equations chaos control phosphorus linear non chaotic control thorium order emergence equations
No real results this time – trying again...

Searching: neodymium equations periodic table
No real results this time – trying again...

Searching: bromine non linear chaotic control
No real results this time – trying again...

Searching: astatine periodic table order from chaos
No real results this time – trying again...

Searching: zinc non linear chaotic systems hydrogen linear equations chaos theory manganese equations linear non linear europium teaching order from chaos
No real results this time – trying again...

Searching: chromium order from chaos teaching lanthanum order from chaos periodic technetium periodic table order from chaos
No real results this time – trying again...

Searching: barium non chaotic equations xenon periodic table teaching order
No real results this time – trying again...

Searching: xenon periodic table teaching order
No real results this time – trying again...

Searching: yttrium chaotic periodic table protactinium linear chaotic control rhenium linear teaching order rubidium linear systems teaching
No real results this time – trying again...

Searching: nitrogen linear chaotic transitions
No real results this time – trying again...

Searching: thallium chaotic periodic elements
No real results this time – trying again...

Searching: molybdenum equations chaotic non chaotic
No real results this time – trying again...

Searching: neon periodic table chaotic systems lithium periodic table equations teaching order copper periodic equations order xenon periodic table teaching order
No real results this time – trying again...

Searching: neptunium teaching order from chaos antimony linear chaos emergence tin non chaotic periodic table
No real results this time – trying again...

Searching: erbium order emergence equations vanadium non chaotic systems periodic rhenium linear teaching order
No real results this time – trying again...

Searching: cobalt non chaotic emergence nickel linear chaos theory ruthenium linear teaching systems francium non chaotic equations dynamics
No real results this time – trying again...

Searching: lanthanum order from chaos periodic radon chaos theory linear systems praseodymium non linear systems control
No real results this time – trying again...

Searching: titanium linear equations chaotic
No real results this time – trying again...

Searching: gadolinium periodic equations chaotic radium bringing order periodic
No real results this time – trying again...

Searching: titanium linear equations chaotic
No real results this time – trying again...

Searching: chlorine chaotic systems periodic table titanium linear equations chaotic zinc non linear chaotic systems
No real results this time – trying again...

Searching: oxygen non chaotic order emergence
No real results this time – trying again...

Searching: iridium equations bringing chaos order
No real results this time – trying again...

Searching: lead non chaotic order emergence mercury teaching systems equations beryllium chaotic dynamics linear models ytterbium teaching linear non linear
No real results this time – trying again...

Searching: radon chaos theory linear systems europium teaching order from chaos lutetium periodic table order from chaos actinium chaotic non linear teaching
No real results this time – trying again...

Searching: chromium order from chaos teaching
No real results this time – trying again...

Searching: aluminum non linear dynamics order terbium non linear systems hafnium equations chaos theory