∞ Logging to: logs/infinity_master_20251208_012624.log

∞ SECTION 1: Core Carts (cart000–cart041)
--------------------------------------------
∞ Running: cart000_orchestrator.py
/data/data/com.termux/files/home/mongoose.os/cart900_infinity_research_rig.py:35: DeprecationWarning: datetime.datetime.utcnow() is deprecated and scheduled for removal in a future version. Use timezone-aware objects to represent datetimes in UTC: datetime.datetime.now(datetime.UTC).
  timestamp = datetime.utcnow().isoformat()
=== ∞ Infinity Research Rig 900 Starting Up ===
[∞] Minted infinity_tokens/token_005000_Protein_Folding_Resonance.txt
[∞] Minted infinity_tokens/token_005001_Bridge_Rectifier.txt
[∞] Minted infinity_tokens/token_005002_Neuronal_Membrane_Potential.txt
[∞] Minted infinity_tokens/token_005003_Cell_Membrane_RC_Network.txt
[∞] Minted infinity_tokens/token_005004_Diode.txt
[∞] Minted infinity_tokens/token_005005_Clock_crystal.txt
[∞] Minted infinity_tokens/token_005006_Iron.txt
[∞] Minted infinity_tokens/token_005007_Copper.txt
[∞] Minted infinity_tokens/token_005008_MOSFET.txt
[∞] Minted infinity_tokens/token_005009_Ionic_Gradient_Semiconductor.txt
[∞] Minted infinity_tokens/token_005010_Cell_Membrane_RC_Network.txt
[∞] Minted infinity_tokens/token_005011_IGBT.txt
[∞] Minted infinity_tokens/token_005012_Transistor.txt
[∞] Minted infinity_tokens/token_005013_Neuronal_Membrane_Potential.txt
[∞] Minted infinity_tokens/token_005014_Neuronal_Membrane_Potential.txt
[∞] Minted infinity_tokens/token_005015_Bridge_Rectifier.txt
[∞] Minted infinity_tokens/token_005016_Gold.txt
[∞] Minted infinity_tokens/token_005017_EEPROM.txt
[∞] Minted infinity_tokens/token_005018_Platinum.txt
[∞] Minted infinity_tokens/token_005019_Iron.txt
[∞] Minted infinity_tokens/token_005020_Neuronal_Membrane_Potential.txt
[∞] Minted infinity_tokens/token_005021_IGBT.txt
[∞] Minted infinity_tokens/token_005022_Inductor.txt
[∞] Minted infinity_tokens/token_005023_Copper.txt
[∞] Minted infinity_tokens/token_005024_Transistor.txt
[∞] Minted infinity_tokens/token_005025_MOSFET.txt
[∞] Minted infinity_tokens/token_005026_Mitochondrial_Electron_Pump.txt
[∞] Minted infinity_tokens/token_005027_Bridge_Rectifier.txt
[∞] Minted infinity_tokens/token_005028_Capacitor.txt
[∞] Minted infinity_tokens/token_005029_Cell_Membrane_RC_Network.txt
[∞] Minted infinity_tokens/token_005030_Transistor.txt
[∞] Minted infinity_tokens/token_005031_Helium.txt
[∞] Minted infinity_tokens/token_005032_Copper.txt
[∞] Minted infinity_tokens/token_005033_Lithium.txt
[∞] Minted infinity_tokens/token_005034_Titanium.txt
[∞] Minted infinity_tokens/token_005035_Op-Amp.txt
[∞] Minted infinity_tokens/token_005036_Op-Amp.txt
[∞] Minted infinity_tokens/token_005037_Helium.txt
[∞] Minted infinity_tokens/token_005038_Oxygen.txt
[∞] Minted infinity_tokens/token_005039_Cobalt.txt
[∞] Minted infinity_tokens/token_005040_Capacitor.txt
[∞] Minted infinity_tokens/token_005041_Neon.txt
[∞] Minted infinity_tokens/token_005042_Neon.txt
[∞] Minted infinity_tokens/token_005043_Photosynthetic_Charge_Carrier.txt
[∞] Minted infinity_tokens/token_005044_Iron.txt
[∞] Minted infinity_tokens/token_005045_Capacitor.txt
[∞] Minted infinity_tokens/token_005046_Op-Amp.txt
[∞] Minted infinity_tokens/token_005047_Cell_Membrane_RC_Network.txt
[∞] Minted infinity_tokens/token_005048_Bridge_Rectifier.txt
[∞] Minted infinity_tokens/token_005049_Helium.txt
[∞] Minted infinity_tokens/token_005050_Photosynthetic_Charge_Carrier.txt
[∞] Minted infinity_tokens/token_005051_Mitochondrial_Electron_Pump.txt
[∞] Minted infinity_tokens/token_005052_Diode.txt
[∞] Minted infinity_tokens/token_005053_Mitochondrial_Electron_Pump.txt
[∞] Minted infinity_tokens/token_005054_Clock_crystal.txt
[∞] Minted infinity_tokens/token_005055_Nickel.txt
[∞] Minted infinity_tokens/token_005056_Uranium.txt
[∞] Minted infinity_tokens/token_005057_Clock_crystal.txt
[∞] Minted infinity_tokens/token_005058_Uranium.txt
[∞] Minted infinity_tokens/token_005059_Protein_Folding_Resonance.txt
[∞] Minted infinity_tokens/token_005060_Carbon.txt
[∞] Minted infinity_tokens/token_005061_Capacitor.txt
[∞] Minted infinity_tokens/token_005062_Bridge_Rectifier.txt
[∞] Minted infinity_tokens/token_005063_Oxygen.txt
[∞] Minted infinity_tokens/token_005064_Transistor.txt
[∞] Minted infinity_tokens/token_005065_Iron.txt
[∞] Minted infinity_tokens/token_005066_Resistor.txt
[∞] Minted infinity_tokens/token_005067_Transistor.txt
[∞] Minted infinity_tokens/token_005068_Gold.txt
[∞] Minted infinity_tokens/token_005069_Gold.txt
[∞] Minted infinity_tokens/token_005070_Gold.txt
[∞] Minted infinity_tokens/token_005071_Bio-capacitive_Tissue_Layer.txt
[∞] Minted infinity_tokens/token_005072_Inductor.txt
[∞] Minted infinity_tokens/token_005073_Ionic_Gradient_Semiconductor.txt
[∞] Minted infinity_tokens/token_005074_Helium.txt
[∞] Minted infinity_tokens/token_005075_Bio-capacitive_Tissue_Layer.txt
[∞] Minted infinity_tokens/token_005076_Ionic_Gradient_Semiconductor.txt
[∞] Minted infinity_tokens/token_005077_EEPROM.txt
[∞] Minted infinity_tokens/token_005078_Ionic_Gradient_Semiconductor.txt
[∞] Minted infinity_tokens/token_005079_Bridge_Rectifier.txt
[∞] Minted infinity_tokens/token_005080_IGBT.txt
[∞] Minted infinity_tokens/token_005081_MOSFET.txt
[∞] Minted infinity_tokens/token_005082_Uranium.txt
[∞] Minted infinity_tokens/token_005083_Ionic_Gradient_Semiconductor.txt
[∞] Minted infinity_tokens/token_005084_Protein_Folding_Resonance.txt
[∞] Minted infinity_tokens/token_005085_Bio-capacitive_Tissue_Layer.txt
[∞] Minted infinity_tokens/token_005086_Op-Amp.txt
[∞] Minted infinity_tokens/token_005087_Mitochondrial_Electron_Pump.txt
[∞] Minted infinity_tokens/token_005088_Resistor.txt
[∞] Minted infinity_tokens/token_005089_Op-Amp.txt
[∞] Minted infinity_tokens/token_005090_Photosynthetic_Charge_Carrier.txt
[∞] Minted infinity_tokens/token_005091_Cell_Membrane_RC_Network.txt
[∞] Minted infinity_tokens/token_005092_Transistor.txt
[∞] Minted infinity_tokens/token_005093_Platinum.txt
[∞] Minted infinity_tokens/token_005094_Bridge_Rectifier.txt
[∞] Minted infinity_tokens/token_005095_Ionic_Gradient_Semiconductor.txt
[∞] Minted infinity_tokens/token_005096_Op-Amp.txt
[∞] Minted infinity_tokens/token_005097_Inductor.txt
[∞] Minted infinity_tokens/token_005098_Helium.txt
[∞] Minted infinity_tokens/token_005099_Resistor.txt
[∞] Minted infinity_tokens/token_005100_EEPROM.txt
[∞] Minted infinity_tokens/token_005101_Bridge_Rectifier.txt
[∞] Minted infinity_tokens/token_005102_Neuronal_Membrane_Potential.txt
[∞] Minted infinity_tokens/token_005103_Helium.txt
[∞] Minted infinity_tokens/token_005104_Silicon.txt
[∞] Minted infinity_tokens/token_005105_Uranium.txt
[∞] Minted infinity_tokens/token_005106_Copper.txt
[∞] Minted infinity_tokens/token_005107_Resistor.txt
[∞] Minted infinity_tokens/token_005108_Neon.txt
[∞] Minted infinity_tokens/token_005109_Titanium.txt
[∞] Minted infinity_tokens/token_005110_Gold.txt
[∞] Minted infinity_tokens/token_005111_Nickel.txt
[∞] Minted infinity_tokens/token_005112_Bio-capacitive_Tissue_Layer.txt
[∞] Minted infinity_tokens/token_005113_Bridge_Rectifier.txt
[∞] Minted infinity_tokens/token_005114_Bridge_Rectifier.txt
[∞] Minted infinity_tokens/token_005115_Transistor.txt
[∞] Minted infinity_tokens/token_005116_Neon.txt
[∞] Minted infinity_tokens/token_005117_Clock_crystal.txt
[∞] Minted infinity_tokens/token_005118_Transistor.txt
[∞] Minted infinity_tokens/token_005119_Ionic_Gradient_Semiconductor.txt
[∞] Minted infinity_tokens/token_005120_IGBT.txt
[∞] Minted infinity_tokens/token_005121_IGBT.txt
[∞] Minted infinity_tokens/token_005122_Silicon.txt
[∞] Minted infinity_tokens/token_005123_Iron.txt
[∞] Minted infinity_tokens/token_005124_Gold.txt
[∞] Minted infinity_tokens/token_005125_Iron.txt
[∞] Minted infinity_tokens/token_005126_Lithium.txt
[∞] Minted infinity_tokens/token_005127_Diode.txt
[∞] Minted infinity_tokens/token_005128_Titanium.txt
[∞] Minted infinity_tokens/token_005129_Hydrogen.txt
[∞] Minted infinity_tokens/token_005130_Helium.txt
[∞] Minted infinity_tokens/token_005131_Op-Amp.txt
[∞] Minted infinity_tokens/token_005132_Bridge_Rectifier.txt
[∞] Minted infinity_tokens/token_005133_Uranium.txt
[∞] Minted infinity_tokens/token_005134_Nickel.txt
[∞] Minted infinity_tokens/token_005135_Titanium.txt
[∞] Minted infinity_tokens/token_005136_Lithium.txt
[∞] Minted infinity_tokens/token_005137_Clock_crystal.txt
[∞] Minted infinity_tokens/token_005138_Cobalt.txt
[∞] Minted infinity_tokens/token_005139_Protein_Folding_Resonance.txt
[∞] Minted infinity_tokens/token_005140_Neon.txt
[∞] Minted infinity_tokens/token_005141_Clock_crystal.txt
[∞] Minted infinity_tokens/token_005142_Lithium.txt
[∞] Minted infinity_tokens/token_005143_Capacitor.txt
[∞] Minted infinity_tokens/token_005144_Oxygen.txt
[∞] Minted infinity_tokens/token_005145_Mitochondrial_Electron_Pump.txt
[∞] Minted infinity_tokens/token_005146_Bridge_Rectifier.txt
[∞] Minted infinity_tokens/token_005147_Platinum.txt
[∞] Minted infinity_tokens/token_005148_Ionic_Gradient_Semiconductor.txt
[∞] Minted infinity_tokens/token_005149_Photosynthetic_Charge_Carrier.txt
[∞] Minted infinity_tokens/token_005150_Capacitor.txt
[∞] Minted infinity_tokens/token_005151_Cell_Membrane_RC_Network.txt
[∞] Minted infinity_tokens/token_005152_Lithium.txt
[∞] Minted infinity_tokens/token_005153_Capacitor.txt
[∞] Minted infinity_tokens/token_005154_Photosynthetic_Charge_Carrier.txt
[∞] Minted infinity_tokens/token_005155_IGBT.txt
[∞] Minted infinity_tokens/token_005156_Op-Amp.txt
[∞] Minted infinity_tokens/token_005157_Hydrogen.txt
[∞] Minted infinity_tokens/token_005158_Oxygen.txt
[∞] Minted infinity_tokens/token_005159_Resistor.txt
[∞] Minted infinity_tokens/token_005160_Nickel.txt
[∞] Minted infinity_tokens/token_005161_Clock_crystal.txt
[∞] Minted infinity_tokens/token_005162_Neon.txt
[∞] Minted infinity_tokens/token_005163_EEPROM.txt
[∞] Minted infinity_tokens/token_005164_Diode.txt
[∞] Minted infinity_tokens/token_005165_Protein_Folding_Resonance.txt
[∞] Minted infinity_tokens/token_005166_Neuronal_Membrane_Potential.txt
[∞] Minted infinity_tokens/token_005167_Protein_Folding_Resonance.txt
[∞] Minted infinity_tokens/token_005168_Neon.txt
[∞] Minted infinity_tokens/token_005169_Clock_crystal.txt
[∞] Minted infinity_tokens/token_005170_Silicon.txt
[∞] Minted infinity_tokens/token_005171_Capacitor.txt
[∞] Minted infinity_tokens/token_005172_Op-Amp.txt
[∞] Minted infinity_tokens/token_005173_MOSFET.txt
[∞] Minted infinity_tokens/token_005174_Cell_Membrane_RC_Network.txt
[∞] Minted infinity_tokens/token_005175_Titanium.txt
[∞] Minted infinity_tokens/token_005176_Platinum.txt
Traceback (most recent call last):
  File "/data/data/com.termux/files/home/mongoose.os/cart900_infinity_research_rig.py", line 79, in <module>
    main()
  File "/data/data/com.termux/files/home/mongoose.os/cart900_infinity_research_rig.py", line 76, in main
    time.sleep(1)  # steady research mining pulse
    ^^^^^^^^^^^^^
KeyboardInterrupt

======================================================================
        ∞ Infinity OS — Master Orchestrator Loaded
======================================================================

[💙] Running SCRAPERS…
[💚] Running ANALYSIS modules…
[💛] Running WRITERS…
[💜] Running cart900_infinity_research_rig.py…
Traceback (most recent call last):
  File "/data/data/com.termux/files/home/mongoose.os/cart000_orchestrator.py", line 54, in <module>
    run_cart(c)
  File "/data/data/com.termux/files/home/mongoose.os/cart000_orchestrator.py", line 40, in run_cart
    subprocess.run(["python3", cart], check=True)
  File "/data/data/com.termux/files/usr/lib/python3.12/subprocess.py", line 550, in run
    stdout, stderr = process.communicate(input, timeout=timeout)
                     ^^^^^^^^^^^^^^^^^^^^^^^^^^^^^^^^^^^^^^^^^^^
  File "/data/data/com.termux/files/usr/lib/python3.12/subprocess.py", line 1201, in communicate
    self.wait()
  File "/data/data/com.termux/files/usr/lib/python3.12/subprocess.py", line 1264, in wait
    return self._wait(timeout=timeout)
           ^^^^^^^^^^^^^^^^^^^^^^^^^^^
  File "/data/data/com.termux/files/usr/lib/python3.12/subprocess.py", line 2051, in _wait
    (pid, sts) = self._try_wait(0)
                 ^^^^^^^^^^^^^^^^^
  File "/data/data/com.termux/files/usr/lib/python3.12/subprocess.py", line 2009, in _try_wait
    (pid, sts) = os.waitpid(self.pid, wait_flags)
                 ^^^^^^^^^^^^^^^^^^^^^^^^^^^^^^^^
KeyboardInterrupt
