2025-12-09T18:41:34-06:00 | SETUP | repo initialized, dirs ready
2025-12-09T18:41:44-06:00 | WRITE | research/CHAIN-0001/PAGE-0001-first-page.txt | bytes=58
[2025-12-10T03:20:54Z] [∞] CART_RESEARCH_1MB: Cart start: steady 1MB/min writer active
[2025-12-10T03:20:54Z] [∞] CART_RESEARCH_1MB: Seeded inputs/terms.txt with defaults
[2025-12-10T03:20:55Z] [∞] CART_RESEARCH_1MB: Seeded inputs/pages.md with stub
[2025-12-10T03:20:55Z] [∞] CART_RESEARCH_1MB: Begin build -> research/research_20251210_032055.json
[2025-12-10T03:21:02Z] [∞] CART_RESEARCH_1MB: Emitted research/research_20251210_032055.json size=1048613 sha256=3b069f34a505a2920996bfe8cb278d0b8dd88bd60c186df8db3f37074e0276bd
[2025-12-10T03:22:01Z] [∞] CART_RESEARCH_1MB: Begin build -> research/research_20251210_032201.json
[2025-12-10T03:22:08Z] [∞] CART_RESEARCH_1MB: Emitted research/research_20251210_032201.json size=1048613 sha256=74e83e7d4221971f09b7819f68706dbdace626fa0bab2d51c124f9b6de061c48
[2025-12-10T03:23:00Z] [∞] CART_RESEARCH_1MB: Begin build -> research/research_20251210_032300.json
[2025-12-10T03:23:09Z] [∞] CART_RESEARCH_1MB: Emitted research/research_20251210_032300.json size=1048613 sha256=1ac439e3fc9891768b29b773e5c453bd8d56de75cf6b76e7654ef76935ac250e
[2025-12-10T03:24:00Z] [∞] CART_RESEARCH_1MB: Begin build -> research/research_20251210_032400.json
[2025-12-10T03:24:09Z] [∞] CART_RESEARCH_1MB: Emitted research/research_20251210_032400.json size=1048613 sha256=5159bc5bcfe303624cf101ffb977f1f253693c1fad95d2e7dca51db688fa73b0
[2025-12-10T03:25:00Z] [∞] CART_RESEARCH_1MB: Begin build -> research/research_20251210_032500.json
[2025-12-10T03:25:10Z] [∞] CART_RESEARCH_1MB: Emitted research/research_20251210_032500.json size=1048613 sha256=9035c6468dcdbb2470106c584ff1f0eb4118602a89b0688df34c17ff2dfb4e69
[2025-12-10T03:32:08Z] [∞] CART_LIVE_RESEARCH: Start live research stream (colored) + minute bundling to research/
[2025-12-10T03:33:05Z] [∞] CART_LIVE_RESEARCH: Emitted research/research_20251210_033300.txt (45004 bytes) and research/research_20251210_033300.json (1048662 bytes)
[2025-12-10T03:34:06Z] [∞] CART_LIVE_RESEARCH: Emitted research/research_20251210_033400.txt (5302 bytes) and research/research_20251210_033400.json (1048662 bytes)
[2025-12-10T03:35:05Z] [∞] CART_LIVE_RESEARCH: Emitted research/research_20251210_033500.txt (15665 bytes) and research/research_20251210_033500.json (1048662 bytes)
[2025-12-10T03:36:11Z] [∞] CART_LIVE_RESEARCH: Emitted research/research_20251210_033600.txt (14986 bytes) and research/research_20251210_033600.json (1048662 bytes)
[2025-12-10T03:38:05Z] [∞] CART_LIVE_RESEARCH: Emitted research/research_20251210_033800.txt (41488 bytes) and research/research_20251210_033800.json (1048662 bytes)
[2025-12-10T03:39:06Z] [∞] CART_LIVE_RESEARCH: Emitted research/research_20251210_033900.txt (10662 bytes) and research/research_20251210_033900.json (1048662 bytes)
[2025-12-10T03:40:06Z] [∞] CART_LIVE_RESEARCH: Emitted research/research_20251210_034000.txt (10793 bytes) and research/research_20251210_034000.json (1048662 bytes)
[2025-12-10T03:41:05Z] [∞] CART_LIVE_RESEARCH: Emitted research/research_20251210_034100.txt (11529 bytes) and research/research_20251210_034100.json (1048662 bytes)
[2025-12-10T03:42:05Z] [∞] CART_LIVE_RESEARCH: Emitted research/research_20251210_034200.txt (19290 bytes) and research/research_20251210_034200.json (1048662 bytes)
[2025-12-10T03:43:06Z] [∞] CART_LIVE_RESEARCH: Emitted research/research_20251210_034300.txt (14477 bytes) and research/research_20251210_034300.json (1048662 bytes)
[2025-12-10T03:44:06Z] [∞] CART_LIVE_RESEARCH: Emitted research/research_20251210_034400.txt (10210 bytes) and research/research_20251210_034400.json (1048662 bytes)
[2025-12-10T03:45:07Z] [∞] CART_LIVE_RESEARCH: Emitted research/research_20251210_034500.txt (15030 bytes) and research/research_20251210_034500.json (1048662 bytes)
