[∞] Cycle 2025-12-09T04:28:43-06:00
[95m[∞] Infinity Termux Research Writer — ONLINE[0m
[94m[∞] Terms → linear phase transition, non chaotic predictable boundary, nonlinear resonance collapse, planets neptune wave[0m
[92m[∞] Minted PAPER_000002_PINK_linear_phase_transition.md[0m
[92m[∞] Value → $1.0m[0m
[92m[∞] Color → PINK[0m
[94m[∞] Log updated → tokens_cart101_physics/token_log.json[0m
[95m[∞] Done.[0m
[main 0079e5a7] [∞] AutoPush: 2025-12-09T04:28:53-06:00
 404 files changed, 1599 insertions(+), 16409 deletions(-)
 create mode 100755 cart102_termux_research_writer.py
 create mode 100644 infinity_papers/PAPER_000001_PINK_measurements_meter_densi.md
 create mode 100644 infinity_papers/PAPER_000002_PINK_linear_phase_transition.md
 create mode 100755 infinity_research_loop.sh
 create mode 100644 tokens_cart101_physics/token_log.json
Current branch main is up to date.
Uploading LFS objects: 100% (400/400), 703 KB | 28 KB/s, done.
To https://github.com/pewpi-infinity/mongoose.os.git
   b5e89518..0079e5a7  main -> main
[∞] Cycle 2025-12-09T04:30:27-06:00
[95m[∞] Infinity Termux Research Writer — ONLINE[0m
[94m[∞] Terms → bible river life, micro baryon cluster, non chaotic invariant line, systems electromagnetic mapping[0m
[92m[∞] Minted PAPER_000003_ORANGE_bible_river_life.md[0m
[92m[∞] Value → $1.0m[0m
[92m[∞] Color → ORANGE[0m
[94m[∞] Log updated → tokens_cart101_physics/token_log.json[0m
[95m[∞] Done.[0m
[main 9867fec7] [∞] AutoPush: 2025-12-09T04:30:36-06:00
 2 files changed, 58 insertions(+), 2 deletions(-)
 create mode 100644 infinity_papers/PAPER_000003_ORANGE_bible_river_life.md
Current branch main is up to date.
Uploading LFS objects: 100% (1/1), 1.3 KB | 0 B/s, done.
To https://github.com/pewpi-infinity/mongoose.os.git
   0079e5a7..9867fec7  main -> main
[∞] Cycle 2025-12-09T04:31:43-06:00
[95m[∞] Infinity Termux Research Writer — ONLINE[0m
[94m[∞] Terms → chaotic attractor field, equations resonance mode, scales galactic flow, scales planetary regime[0m
[92m[∞] Minted PAPER_000004_BLUE_chaotic_attractor_field.md[0m
[92m[∞] Value → $1.0m[0m
[92m[∞] Color → BLUE[0m
[94m[∞] Log updated → tokens_cart101_physics/token_log.json[0m
[95m[∞] Done.[0m
[main 3a7f17ff] [∞] AutoPush: 2025-12-09T04:31:53-06:00
 2 files changed, 57 insertions(+), 2 deletions(-)
 create mode 100644 infinity_papers/PAPER_000004_BLUE_chaotic_attractor_field.md
Current branch main is up to date.
Uploading LFS objects: 100% (1/1), 1.8 KB | 0 B/s, done.
To https://github.com/pewpi-infinity/mongoose.os.git
   9867fec7..3a7f17ff  main -> main
[∞] Cycle 2025-12-09T04:33:01-06:00
[95m[∞] Infinity Termux Research Writer — ONLINE[0m
[94m[∞] Terms → bible wind movement, equations lattice equation, measurements centimeter harmonic, nonlinear attractor manifold[0m
[92m[∞] Minted PAPER_000005_ORANGE_bible_wind_movement.md[0m
[92m[∞] Value → $1.0m[0m
[92m[∞] Color → ORANGE[0m
[94m[∞] Log updated → tokens_cart101_physics/token_log.json[0m
[95m[∞] Done.[0m
[main e9b71cfb] [∞] AutoPush: 2025-12-09T04:33:10-06:00
 2 files changed, 58 insertions(+), 2 deletions(-)
 create mode 100644 infinity_papers/PAPER_000005_ORANGE_bible_wind_movement.md
Current branch main is up to date.
Uploading LFS objects: 100% (1/1), 2.2 KB | 0 B/s, done.
To https://github.com/pewpi-infinity/mongoose.os.git
   3a7f17ff..e9b71cfb  main -> main
[∞] Cycle 2025-12-09T04:34:12-06:00
[95m[∞] Infinity Termux Research Writer — ONLINE[0m
[94m[∞] Terms → equations aperiodic solution, equations bifurcation map, measurements joule distribution, planets mars drift[0m
[92m[∞] Minted PAPER_000006_GREEN_equations_aperiodic_solu.md[0m
[92m[∞] Value → $1.0m[0m
[92m[∞] Color → GREEN[0m
[94m[∞] Log updated → tokens_cart101_physics/token_log.json[0m
[95m[∞] Done.[0m
[main b3c077c3] [∞] AutoPush: 2025-12-09T04:34:22-06:00
 2 files changed, 58 insertions(+), 2 deletions(-)
 create mode 100644 infinity_papers/PAPER_000006_GREEN_equations_aperiodic_solu.md
Current branch main is up to date.
Uploading LFS objects: 100% (1/1), 2.6 KB | 0 B/s, done.
To https://github.com/pewpi-infinity/mongoose.os.git
   e9b71cfb..b3c077c3  main -> main
[∞] Cycle 2025-12-09T04:35:30-06:00
[95m[∞] Infinity Termux Research Writer — ONLINE[0m
[94m[∞] Terms → equations energy balance, equations macrofrequency, measurements centimeter harmonic, planets mars drift[0m
[92m[∞] Minted PAPER_000007_BLUE_equations_energy_balance.md[0m
[92m[∞] Value → $1.0m[0m
[92m[∞] Color → BLUE[0m
[94m[∞] Log updated → tokens_cart101_physics/token_log.json[0m
[95m[∞] Done.[0m
[main c3711fef] [∞] AutoPush: 2025-12-09T04:35:40-06:00
 2 files changed, 58 insertions(+), 2 deletions(-)
 create mode 100644 infinity_papers/PAPER_000007_BLUE_equations_energy_balance.md
Current branch main is up to date.
Uploading LFS objects: 100% (1/1), 3.1 KB | 0 B/s, done.
To https://github.com/pewpi-infinity/mongoose.os.git
   b3c077c3..c3711fef  main -> main
[∞] Cycle 2025-12-09T04:36:45-06:00
[95m[∞] Infinity Termux Research Writer — ONLINE[0m
[94m[∞] Terms → bible wind movement, measurements ohm resistance, nonlinear threshold function, scales nanostructure[0m
[92m[∞] Minted PAPER_000008_BLUE_bible_wind_movement.md[0m
[92m[∞] Value → $1.0m[0m
[92m[∞] Color → BLUE[0m
[94m[∞] Log updated → tokens_cart101_physics/token_log.json[0m
[95m[∞] Done.[0m
[main 00b17853] [∞] AutoPush: 2025-12-09T04:36:57-06:00
 2 files changed, 57 insertions(+), 2 deletions(-)
 create mode 100644 infinity_papers/PAPER_000008_BLUE_bible_wind_movement.md
Current branch main is up to date.
Uploading LFS objects: 100% (1/1), 3.5 KB | 0 B/s, done.
To https://github.com/pewpi-infinity/mongoose.os.git
   c3711fef..00b17853  main -> main
[∞] Cycle 2025-12-09T04:38:00-06:00
[95m[∞] Infinity Termux Research Writer — ONLINE[0m
[94m[∞] Terms → measurements Kelvin transition, micro boson wave, scales macrostructure, systems thermal transition[0m
[92m[∞] Minted PAPER_000009_RED_measurements_Kelvin_tran.md[0m
[92m[∞] Value → $1.0m[0m
[92m[∞] Color → RED[0m
[94m[∞] Log updated → tokens_cart101_physics/token_log.json[0m
[95m[∞] Done.[0m
[main ac7f8056] [∞] AutoPush: 2025-12-09T04:38:07-06:00
 2 files changed, 58 insertions(+), 2 deletions(-)
 create mode 100644 infinity_papers/PAPER_000009_RED_measurements_Kelvin_tran.md
Current branch main is up to date.
Uploading LFS objects: 100% (1/1), 3.9 KB | 0 B/s, done.
To https://github.com/pewpi-infinity/mongoose.os.git
   00b17853..ac7f8056  main -> main
[∞] Cycle 2025-12-09T04:39:09-06:00
[95m[∞] Infinity Termux Research Writer — ONLINE[0m
[94m[∞] Terms → chaotic hydrogen transition, equations density function, scales quantum structure, systems quantum orbital[0m
[92m[∞] Minted PAPER_000010_PURPLE_chaotic_hydrogen_transit.md[0m
[92m[∞] Value → $1.0m[0m
[92m[∞] Color → PURPLE[0m
[94m[∞] Log updated → tokens_cart101_physics/token_log.json[0m
[95m[∞] Done.[0m
[main 25e98e19] [∞] AutoPush: 2025-12-09T04:39:23-06:00
 2 files changed, 57 insertions(+), 2 deletions(-)
 create mode 100644 infinity_papers/PAPER_000010_PURPLE_chaotic_hydrogen_transit.md
Current branch main is up to date.
Uploading LFS objects: 100% (1/1), 4.4 KB | 0 B/s, done.
To https://github.com/pewpi-infinity/mongoose.os.git
   ac7f8056..25e98e19  main -> main
[∞] Cycle 2025-12-09T04:40:32-06:00
[95m[∞] Infinity Termux Research Writer — ONLINE[0m
[94m[∞] Terms → equations energy balance, planets ganymede magnetic structure, planets moon tidal system, systems continuum interaction[0m
[92m[∞] Minted PAPER_000011_ORANGE_equations_energy_balance.md[0m
[92m[∞] Value → $1.0m[0m
[92m[∞] Color → ORANGE[0m
[94m[∞] Log updated → tokens_cart101_physics/token_log.json[0m
[95m[∞] Done.[0m
[main 515ecee5] [∞] AutoPush: 2025-12-09T04:40:39-06:00
 2 files changed, 59 insertions(+), 2 deletions(-)
 create mode 100644 infinity_papers/PAPER_000011_ORANGE_equations_energy_balance.md
Current branch main is up to date.
Uploading LFS objects: 100% (1/1), 4.8 KB | 0 B/s, done.
To https://github.com/pewpi-infinity/mongoose.os.git
   25e98e19..515ecee5  main -> main
[∞] Cycle 2025-12-09T04:41:49-06:00
[95m[∞] Infinity Termux Research Writer — ONLINE[0m
[94m[∞] Terms → bible genesis seed, equations potential well, nonlinear chaotic emergence, nonlinear pitchfork bifurcation[0m
[92m[∞] Minted PAPER_000012_BLUE_bible_genesis_seed.md[0m
[92m[∞] Value → $1.0m[0m
[92m[∞] Color → BLUE[0m
[94m[∞] Log updated → tokens_cart101_physics/token_log.json[0m
[95m[∞] Done.[0m
[main 28d175be] [∞] AutoPush: 2025-12-09T04:42:12-06:00
 2 files changed, 58 insertions(+), 2 deletions(-)
 create mode 100644 infinity_papers/PAPER_000012_BLUE_bible_genesis_seed.md
Current branch main is up to date.
Uploading LFS objects: 100% (1/1), 5.2 KB | 0 B/s, done.
To https://github.com/pewpi-infinity/mongoose.os.git
   515ecee5..28d175be  main -> main
[∞] Cycle 2025-12-09T04:43:20-06:00
[95m[∞] Infinity Termux Research Writer — ONLINE[0m
[94m[∞] Terms → chaotic energy cascade, equations quantum stability, nonlinear density wave, nonlinear duffing oscillator[0m
[92m[∞] Minted PAPER_000013_PINK_chaotic_energy_cascade.md[0m
[92m[∞] Value → $1.0m[0m
[92m[∞] Color → PINK[0m
[94m[∞] Log updated → tokens_cart101_physics/token_log.json[0m
[95m[∞] Done.[0m
[main 3c1ca35c] [∞] AutoPush: 2025-12-09T04:43:34-06:00
 2 files changed, 57 insertions(+), 2 deletions(-)
 create mode 100644 infinity_papers/PAPER_000013_PINK_chaotic_energy_cascade.md
Current branch main is up to date.
Uploading LFS objects: 100% (1/1), 5.7 KB | 0 B/s, done.
To https://github.com/pewpi-infinity/mongoose.os.git
   28d175be..3c1ca35c  main -> main
[∞] Cycle 2025-12-09T04:44:43-06:00
[95m[∞] Infinity Termux Research Writer — ONLINE[0m
[94m[∞] Terms → linear charge distribution, measurements ampere flow, micro photon drift, planets mars drift[0m
[92m[∞] Minted PAPER_000014_GREEN_linear_charge_distributi.md[0m
[92m[∞] Value → $1.0m[0m
[92m[∞] Color → GREEN[0m
[94m[∞] Log updated → tokens_cart101_physics/token_log.json[0m
[95m[∞] Done.[0m
[main 7d993aca] [∞] AutoPush: 2025-12-09T04:44:55-06:00
 2 files changed, 57 insertions(+), 2 deletions(-)
 create mode 100644 infinity_papers/PAPER_000014_GREEN_linear_charge_distributi.md
Current branch main is up to date.
Uploading LFS objects: 100% (1/1), 6.1 KB | 0 B/s, done.
To https://github.com/pewpi-infinity/mongoose.os.git
   3c1ca35c..7d993aca  main -> main
[∞] Cycle 2025-12-09T04:46:13-06:00
[95m[∞] Infinity Termux Research Writer — ONLINE[0m
[94m[∞] Terms → equations resonance mode, micro boson wave, micro fermion field, scales stellar system[0m
[92m[∞] Minted PAPER_000015_GREEN_equations_resonance_mode.md[0m
[92m[∞] Value → $1.0m[0m
[92m[∞] Color → GREEN[0m
[94m[∞] Log updated → tokens_cart101_physics/token_log.json[0m
[95m[∞] Done.[0m
[main 3e4c461c] [∞] AutoPush: 2025-12-09T04:46:19-06:00
 2 files changed, 57 insertions(+), 2 deletions(-)
 create mode 100644 infinity_papers/PAPER_000015_GREEN_equations_resonance_mode.md
Current branch main is up to date.
Uploading LFS objects: 100% (1/1), 6.5 KB | 0 B/s, done.
To https://github.com/pewpi-infinity/mongoose.os.git
   7d993aca..3e4c461c  main -> main
[∞] Cycle 2025-12-09T04:47:22-06:00
[95m[∞] Infinity Termux Research Writer — ONLINE[0m
[94m[∞] Terms → bible prophecy mapping, equations density function, planets venus resonance, systems electromagnetic mapping[0m
[92m[∞] Minted PAPER_000016_YELLOW_bible_prophecy_mapping.md[0m
[92m[∞] Value → $1.0m[0m
[92m[∞] Color → YELLOW[0m
[94m[∞] Log updated → tokens_cart101_physics/token_log.json[0m
[95m[∞] Done.[0m
[main 3077d1ac] [∞] AutoPush: 2025-12-09T04:47:29-06:00
 2 files changed, 58 insertions(+), 2 deletions(-)
 create mode 100644 infinity_papers/PAPER_000016_YELLOW_bible_prophecy_mapping.md
Current branch main is up to date.
Uploading LFS objects: 100% (1/1), 7.0 KB | 0 B/s, done.
To https://github.com/pewpi-infinity/mongoose.os.git
   3e4c461c..3077d1ac  main -> main
[∞] Cycle 2025-12-09T04:48:31-06:00
[95m[∞] Infinity Termux Research Writer — ONLINE[0m
[94m[∞] Terms → equations non chaotic invariant, macro cosmic web, non chaotic invariant line, non chaotic reversible system[0m
[92m[∞] Minted PAPER_000017_ORANGE_equations_non_chaotic_in.md[0m
[92m[∞] Value → $1.0m[0m
[92m[∞] Color → ORANGE[0m
[94m[∞] Log updated → tokens_cart101_physics/token_log.json[0m
[95m[∞] Done.[0m
[main 8b27d562] [∞] AutoPush: 2025-12-09T04:48:39-06:00
 2 files changed, 59 insertions(+), 2 deletions(-)
 create mode 100644 infinity_papers/PAPER_000017_ORANGE_equations_non_chaotic_in.md
Current branch main is up to date.
Uploading LFS objects: 100% (1/1), 7.4 KB | 0 B/s, done.
To https://github.com/pewpi-infinity/mongoose.os.git
   3077d1ac..8b27d562  main -> main
[∞] Cycle 2025-12-09T04:49:50-06:00
[95m[∞] Infinity Termux Research Writer — ONLINE[0m
[94m[∞] Terms → chaotic logistic drift, equations lattice equation, macro orbital resonance, measurements Pascal gradient[0m
[92m[∞] Minted PAPER_000018_ORANGE_chaotic_logistic_drift.md[0m
[92m[∞] Value → $1.0m[0m
[92m[∞] Color → ORANGE[0m
[94m[∞] Log updated → tokens_cart101_physics/token_log.json[0m
[95m[∞] Done.[0m
[main ff0ef931] [∞] AutoPush: 2025-12-09T04:49:59-06:00
 2 files changed, 57 insertions(+), 2 deletions(-)
 create mode 100644 infinity_papers/PAPER_000018_ORANGE_chaotic_logistic_drift.md
Current branch main is up to date.
Uploading LFS objects: 100% (1/1), 7.8 KB | 0 B/s, done.
To https://github.com/pewpi-infinity/mongoose.os.git
   8b27d562..ff0ef931  main -> main
[∞] Cycle 2025-12-09T04:51:09-06:00
[95m[∞] Infinity Termux Research Writer — ONLINE[0m
[94m[∞] Terms → chaotic strange manifold, macro accretion disk, micro quark confinement, nonlinear duffing oscillator[0m
[92m[∞] Minted PAPER_000019_GREEN_chaotic_strange_manifold.md[0m
[92m[∞] Value → $1.0m[0m
[92m[∞] Color → GREEN[0m
[94m[∞] Log updated → tokens_cart101_physics/token_log.json[0m
[95m[∞] Done.[0m
[main 76213e2a] [∞] AutoPush: 2025-12-09T04:51:18-06:00
 2 files changed, 57 insertions(+), 2 deletions(-)
 create mode 100644 infinity_papers/PAPER_000019_GREEN_chaotic_strange_manifold.md
Current branch main is up to date.
Uploading LFS objects: 100% (1/1), 8.3 KB | 0 B/s, done.
To https://github.com/pewpi-infinity/mongoose.os.git
   ff0ef931..76213e2a  main -> main
[∞] Cycle 2025-12-09T04:52:46-06:00
[95m[∞] Infinity Termux Research Writer — ONLINE[0m
[94m[∞] Terms → equations quantum stability, measurements ohm resistance, nonlinear pitchfork bifurcation, planets neptune wave[0m
[92m[∞] Minted PAPER_000020_PINK_equations_quantum_stabil.md[0m
[92m[∞] Value → $1.0m[0m
[92m[∞] Color → PINK[0m
[94m[∞] Log updated → tokens_cart101_physics/token_log.json[0m
[95m[∞] Done.[0m
[main e7a2dbf4] [∞] AutoPush: 2025-12-09T04:52:59-06:00
 2 files changed, 58 insertions(+), 2 deletions(-)
 create mode 100644 infinity_papers/PAPER_000020_PINK_equations_quantum_stabil.md
Current branch main is up to date.
Uploading LFS objects: 100% (1/1), 8.7 KB | 0 B/s, done.
To https://github.com/pewpi-infinity/mongoose.os.git
   76213e2a..e7a2dbf4  main -> main
[∞] Cycle 2025-12-09T04:54:17-06:00
[95m[∞] Infinity Termux Research Writer — ONLINE[0m
[94m[∞] Terms → bible judgment cycle, nonlinear duffing oscillator, planets mars drift, planets mercury orbit[0m
[92m[∞] Minted PAPER_000021_PINK_bible_judgment_cycle.md[0m
[92m[∞] Value → $1.0m[0m
[92m[∞] Color → PINK[0m
[94m[∞] Log updated → tokens_cart101_physics/token_log.json[0m
[95m[∞] Done.[0m
[main 86f452f1] [∞] AutoPush: 2025-12-09T04:54:26-06:00
 2 files changed, 57 insertions(+), 2 deletions(-)
 create mode 100644 infinity_papers/PAPER_000021_PINK_bible_judgment_cycle.md
Current branch main is up to date.
Uploading LFS objects: 100% (1/1), 9.1 KB | 0 B/s, done.
To https://github.com/pewpi-infinity/mongoose.os.git
   e7a2dbf4..86f452f1  main -> main
[∞] Cycle 2025-12-09T04:55:31-06:00
[95m[∞] Infinity Termux Research Writer — ONLINE[0m
[94m[∞] Terms → chaotic bifurcation ladder, measurements volt potential, non chaotic stable orbit, planets saturn field[0m
[92m[∞] Minted PAPER_000022_ORANGE_chaotic_bifurcation_ladd.md[0m
[92m[∞] Value → $1.0m[0m
[92m[∞] Color → ORANGE[0m
[94m[∞] Log updated → tokens_cart101_physics/token_log.json[0m
[95m[∞] Done.[0m
[main eebec6f6] [∞] AutoPush: 2025-12-09T04:55:38-06:00
 2 files changed, 57 insertions(+), 2 deletions(-)
 create mode 100644 infinity_papers/PAPER_000022_ORANGE_chaotic_bifurcation_ladd.md
Current branch main is up to date.
Uploading LFS objects: 100% (1/1), 9.6 KB | 0 B/s, done.
To https://github.com/pewpi-infinity/mongoose.os.git
   86f452f1..eebec6f6  main -> main
[∞] Cycle 2025-12-09T04:56:41-06:00
[95m[∞] Infinity Termux Research Writer — ONLINE[0m
[94m[∞] Terms → bible covenant order, chaotic energy cascade, equations harmonic regime, linear drift function[0m
[92m[∞] Minted PAPER_000023_YELLOW_bible_covenant_order.md[0m
[92m[∞] Value → $1.0m[0m
[92m[∞] Color → YELLOW[0m
[94m[∞] Log updated → tokens_cart101_physics/token_log.json[0m
[95m[∞] Done.[0m
[main 3d61489c] [∞] AutoPush: 2025-12-09T04:56:48-06:00
 2 files changed, 57 insertions(+), 2 deletions(-)
 create mode 100644 infinity_papers/PAPER_000023_YELLOW_bible_covenant_order.md
Current branch main is up to date.
Uploading LFS objects: 100% (1/1), 10 KB | 0 B/s, done.
To https://github.com/pewpi-infinity/mongoose.os.git
   eebec6f6..3d61489c  main -> main
[∞] Cycle 2025-12-09T04:57:51-06:00
[95m[∞] Infinity Termux Research Writer — ONLINE[0m
[94m[∞] Terms → bible spirit breath, chaotic lorenz mapping, linear drift function, macro gravitational shear[0m
[92m[∞] Minted PAPER_000024_GREEN_bible_spirit_breath.md[0m
[92m[∞] Value → $1.0m[0m
[92m[∞] Color → GREEN[0m
[94m[∞] Log updated → tokens_cart101_physics/token_log.json[0m
[95m[∞] Done.[0m
[main 8a76875e] [∞] AutoPush: 2025-12-09T04:57:58-06:00
 2 files changed, 57 insertions(+), 2 deletions(-)
 create mode 100644 infinity_papers/PAPER_000024_GREEN_bible_spirit_breath.md
Current branch main is up to date.
Uploading LFS objects: 100% (1/1), 10 KB | 0 B/s, done.
To https://github.com/pewpi-infinity/mongoose.os.git
   3d61489c..8a76875e  main -> main
[∞] Cycle 2025-12-09T04:59:03-06:00
[95m[∞] Infinity Termux Research Writer — ONLINE[0m
[94m[∞] Terms → equations macrofrequency, linear density mapping, linear measurement scale, macro nebular cloud[0m
[92m[∞] Minted PAPER_000025_PINK_equations_macrofrequency.md[0m
[92m[∞] Value → $1.0m[0m
[92m[∞] Color → PINK[0m
[94m[∞] Log updated → tokens_cart101_physics/token_log.json[0m
[95m[∞] Done.[0m
[main 5f46ac5d] [∞] AutoPush: 2025-12-09T04:59:15-06:00
 2 files changed, 57 insertions(+), 2 deletions(-)
 create mode 100644 infinity_papers/PAPER_000025_PINK_equations_macrofrequency.md
Current branch main is up to date.
Uploading LFS objects: 100% (1/1), 11 KB | 0 B/s, done.
To https://github.com/pewpi-infinity/mongoose.os.git
   8a76875e..5f46ac5d  main -> main
[∞] Cycle 2025-12-09T05:00:25-06:00
[95m[∞] Infinity Termux Research Writer — ONLINE[0m
[94m[∞] Terms → bible genesis seed, bible spirit breath, chaotic phase space, equations periodic forcing[0m
[92m[∞] Minted PAPER_000026_BLUE_bible_genesis_seed.md[0m
[92m[∞] Value → $1.0m[0m
[92m[∞] Color → BLUE[0m
[94m[∞] Log updated → tokens_cart101_physics/token_log.json[0m
[95m[∞] Done.[0m
[main 4adc4a7b] [∞] AutoPush: 2025-12-09T05:00:37-06:00
 2 files changed, 57 insertions(+), 2 deletions(-)
 create mode 100644 infinity_papers/PAPER_000026_BLUE_bible_genesis_seed.md
Current branch main is up to date.
Uploading LFS objects: 100% (1/1), 11 KB | 0 B/s, done.
To https://github.com/pewpi-infinity/mongoose.os.git
   5f46ac5d..4adc4a7b  main -> main
[∞] Cycle 2025-12-09T05:01:44-06:00
[95m[∞] Infinity Termux Research Writer — ONLINE[0m
[94m[∞] Terms → equations nonlinear drift, macro galactic filament, planets mercury orbit, scales stellar system[0m
[92m[∞] Minted PAPER_000027_PINK_equations_nonlinear_drif.md[0m
[92m[∞] Value → $1.0m[0m
[92m[∞] Color → PINK[0m
[94m[∞] Log updated → tokens_cart101_physics/token_log.json[0m
[95m[∞] Done.[0m
[main 4cca0f13] [∞] AutoPush: 2025-12-09T05:01:52-06:00
 2 files changed, 57 insertions(+), 2 deletions(-)
 create mode 100644 infinity_papers/PAPER_000027_PINK_equations_nonlinear_drif.md
Current branch main is up to date.
Uploading LFS objects: 100% (1/1), 12 KB | 0 B/s, done.
To https://github.com/pewpi-infinity/mongoose.os.git
   4adc4a7b..4cca0f13  main -> main
[∞] Cycle 2025-12-09T05:02:56-06:00
[95m[∞] Infinity Termux Research Writer — ONLINE[0m
[94m[∞] Terms → bible judgment cycle, equations aperiodic solution, macro supercluster expansion, nonlinear logarithmic map[0m
[92m[∞] Minted PAPER_000028_GREEN_bible_judgment_cycle.md[0m
[92m[∞] Value → $1.0m[0m
[92m[∞] Color → GREEN[0m
[94m[∞] Log updated → tokens_cart101_physics/token_log.json[0m
[95m[∞] Done.[0m
[main 65cf2db4] [∞] AutoPush: 2025-12-09T05:03:04-06:00
 2 files changed, 57 insertions(+), 2 deletions(-)
 create mode 100644 infinity_papers/PAPER_000028_GREEN_bible_judgment_cycle.md
Current branch main is up to date.
Uploading LFS objects: 100% (1/1), 12 KB | 0 B/s, done.
To https://github.com/pewpi-infinity/mongoose.os.git
   4cca0f13..65cf2db4  main -> main
[∞] Cycle 2025-12-09T05:04:07-06:00
[95m[∞] Infinity Termux Research Writer — ONLINE[0m
[94m[∞] Terms → equations microfrequency, measurements volt potential, planets callisto impact field, systems feedback equilibrium[0m
[92m[∞] Minted PAPER_000029_RED_equations_microfrequency.md[0m
[92m[∞] Value → $1.0m[0m
[92m[∞] Color → RED[0m
[94m[∞] Log updated → tokens_cart101_physics/token_log.json[0m
[95m[∞] Done.[0m
[main 7e66eb2c] [∞] AutoPush: 2025-12-09T05:04:15-06:00
 2 files changed, 58 insertions(+), 2 deletions(-)
 create mode 100644 infinity_papers/PAPER_000029_RED_equations_microfrequency.md
Current branch main is up to date.
Uploading LFS objects: 100% (1/1), 12 KB | 0 B/s, done.
To https://github.com/pewpi-infinity/mongoose.os.git
   65cf2db4..7e66eb2c  main -> main
[∞] Cycle 2025-12-09T05:05:21-06:00
[95m[∞] Infinity Termux Research Writer — ONLINE[0m
[94m[∞] Terms → bible fire transformation, chaotic hydrogen transition, linear drift function, scales stellar system[0m
[92m[∞] Minted PAPER_000030_PURPLE_bible_fire_transformatio.md[0m
[92m[∞] Value → $1.0m[0m
[92m[∞] Color → PURPLE[0m
[94m[∞] Log updated → tokens_cart101_physics/token_log.json[0m
[95m[∞] Done.[0m
[main 5d54d106] [∞] AutoPush: 2025-12-09T05:05:29-06:00
 2 files changed, 57 insertions(+), 2 deletions(-)
 create mode 100644 infinity_papers/PAPER_000030_PURPLE_bible_fire_transformatio.md
Current branch main is up to date.
Uploading LFS objects: 100% (1/1), 13 KB | 0 B/s, done.
To https://github.com/pewpi-infinity/mongoose.os.git
   7e66eb2c..5d54d106  main -> main
[∞] Cycle 2025-12-09T05:06:33-06:00
[95m[∞] Infinity Termux Research Writer — ONLINE[0m
[94m[∞] Terms → macro stellar nursery, measurements ampere flow, measurements millimeter drift, micro boson wave[0m
[92m[∞] Minted PAPER_000031_BLUE_macro_stellar_nursery.md[0m
[92m[∞] Value → $1.0m[0m
[92m[∞] Color → BLUE[0m
[94m[∞] Log updated → tokens_cart101_physics/token_log.json[0m
[95m[∞] Done.[0m
[main d6c0d775] [∞] AutoPush: 2025-12-09T05:06:41-06:00
 2 files changed, 58 insertions(+), 2 deletions(-)
 create mode 100644 infinity_papers/PAPER_000031_BLUE_macro_stellar_nursery.md
Current branch main is up to date.
Uploading LFS objects: 100% (1/1), 13 KB | 0 B/s, done.
To https://github.com/pewpi-infinity/mongoose.os.git
   5d54d106..d6c0d775  main -> main
[∞] Cycle 2025-12-09T05:07:44-06:00
[95m[∞] Infinity Termux Research Writer — ONLINE[0m
[94m[∞] Terms → measurements ampere flow, non chaotic frequency state, non chaotic resonance mode, planets callisto impact field[0m
[92m[∞] Minted PAPER_000032_RED_measurements_ampere_flow.md[0m
[92m[∞] Value → $1.0m[0m
[92m[∞] Color → RED[0m
[94m[∞] Log updated → tokens_cart101_physics/token_log.json[0m
[95m[∞] Done.[0m
[main 5d0a3757] [∞] AutoPush: 2025-12-09T05:07:52-06:00
 2 files changed, 58 insertions(+), 2 deletions(-)
 create mode 100644 infinity_papers/PAPER_000032_RED_measurements_ampere_flow.md
Current branch main is up to date.
Uploading LFS objects: 100% (1/1), 14 KB | 0 B/s, done.
To https://github.com/pewpi-infinity/mongoose.os.git
   d6c0d775..5d0a3757  main -> main
[∞] Cycle 2025-12-09T05:08:56-06:00
[95m[∞] Infinity Termux Research Writer — ONLINE[0m
[94m[∞] Terms → equations lattice equation, micro proton density, nonlinear resonance collapse, systems quantum orbital[0m
[92m[∞] Minted PAPER_000033_ORANGE_equations_lattice_equati.md[0m
[92m[∞] Value → $1.0m[0m
[92m[∞] Color → ORANGE[0m
[94m[∞] Log updated → tokens_cart101_physics/token_log.json[0m
[95m[∞] Done.[0m
[main 54d1c21f] [∞] AutoPush: 2025-12-09T05:09:03-06:00
 2 files changed, 57 insertions(+), 2 deletions(-)
 create mode 100644 infinity_papers/PAPER_000033_ORANGE_equations_lattice_equati.md
Current branch main is up to date.
Uploading LFS objects: 100% (1/1), 14 KB | 0 B/s, done.
To https://github.com/pewpi-infinity/mongoose.os.git
   5d0a3757..54d1c21f  main -> main
[∞] Cycle 2025-12-09T05:10:06-06:00
[95m[∞] Infinity Termux Research Writer — ONLINE[0m
[94m[∞] Terms → chaotic phase space, macro vacuum fluctuation, measurements millimeter drift, non chaotic invariant line[0m
[92m[∞] Minted PAPER_000034_GREEN_chaotic_phase_space.md[0m
[92m[∞] Value → $1.0m[0m
[92m[∞] Color → GREEN[0m
[94m[∞] Log updated → tokens_cart101_physics/token_log.json[0m
[95m[∞] Done.[0m
[main bb0032e4] [∞] AutoPush: 2025-12-09T05:10:17-06:00
 2 files changed, 58 insertions(+), 2 deletions(-)
 create mode 100644 infinity_papers/PAPER_000034_GREEN_chaotic_phase_space.md
Current branch main is up to date.
Uploading LFS objects: 100% (1/1), 15 KB | 0 B/s, done.
To https://github.com/pewpi-infinity/mongoose.os.git
   54d1c21f..bb0032e4  main -> main
[∞] Cycle 2025-12-09T05:11:20-06:00
[95m[∞] Infinity Termux Research Writer — ONLINE[0m
[94m[∞] Terms → bible exodus pattern, micro neutrino oscillation, planets europa subsurface ocean, planets triton retrograde orbit[0m
[92m[∞] Minted PAPER_000035_PINK_bible_exodus_pattern.md[0m
[92m[∞] Value → $1.0m[0m
[92m[∞] Color → PINK[0m
[94m[∞] Log updated → tokens_cart101_physics/token_log.json[0m
[95m[∞] Done.[0m
[main 37e6ab45] [∞] AutoPush: 2025-12-09T05:11:30-06:00
 2 files changed, 59 insertions(+), 2 deletions(-)
 create mode 100644 infinity_papers/PAPER_000035_PINK_bible_exodus_pattern.md
Current branch main is up to date.
Uploading LFS objects: 100% (1/1), 15 KB | 0 B/s, done.
To https://github.com/pewpi-infinity/mongoose.os.git
   bb0032e4..37e6ab45  main -> main
[∞] Cycle 2025-12-09T05:12:40-06:00
[95m[∞] Infinity Termux Research Writer — ONLINE[0m
[94m[∞] Terms → bible kingdom structure, measurements volt potential, micro quark confinement, nonlinear resonance collapse[0m
[92m[∞] Minted PAPER_000036_PINK_bible_kingdom_structure.md[0m
[92m[∞] Value → $1.0m[0m
[92m[∞] Color → PINK[0m
[94m[∞] Log updated → tokens_cart101_physics/token_log.json[0m
[95m[∞] Done.[0m
[main 494a26b1] [∞] AutoPush: 2025-12-09T05:12:49-06:00
 2 files changed, 57 insertions(+), 2 deletions(-)
 create mode 100644 infinity_papers/PAPER_000036_PINK_bible_kingdom_structure.md
Current branch main is up to date.
Uploading LFS objects: 100% (1/1), 16 KB | 0 B/s, done.
To https://github.com/pewpi-infinity/mongoose.os.git
   37e6ab45..494a26b1  main -> main
[∞] Cycle 2025-12-09T05:13:51-06:00
[95m[∞] Infinity Termux Research Writer — ONLINE[0m
[94m[∞] Terms → bible mountain vision, equations bifurcation map, linear boundary mode, macro stellar nursery[0m
[92m[∞] Minted PAPER_000037_PINK_bible_mountain_vision.md[0m
[92m[∞] Value → $1.0m[0m
[92m[∞] Color → PINK[0m
[94m[∞] Log updated → tokens_cart101_physics/token_log.json[0m
[95m[∞] Done.[0m
[main d7a84ddf] [∞] AutoPush: 2025-12-09T05:13:59-06:00
 2 files changed, 57 insertions(+), 2 deletions(-)
 create mode 100644 infinity_papers/PAPER_000037_PINK_bible_mountain_vision.md
Current branch main is up to date.
Uploading LFS objects: 100% (1/1), 16 KB | 0 B/s, done.
To https://github.com/pewpi-infinity/mongoose.os.git
   494a26b1..d7a84ddf  main -> main
[∞] Cycle 2025-12-09T05:31:01-06:00
[95m[∞] Infinity Termux Research Writer — ONLINE[0m
[94m[∞] Terms → bible covenant order, bible river life, micro fermion field, nonlinear chaotic emergence[0m
[92m[∞] Minted PAPER_000038_RED_bible_covenant_order.md[0m
[92m[∞] Value → $1.0m[0m
[92m[∞] Color → RED[0m
[94m[∞] Log updated → tokens_cart101_physics/token_log.json[0m
[95m[∞] Done.[0m
[main 2ee93055] [∞] AutoPush: 2025-12-09T05:31:13-06:00
 2 files changed, 57 insertions(+), 2 deletions(-)
 create mode 100644 infinity_papers/PAPER_000038_RED_bible_covenant_order.md
Current branch main is up to date.
Uploading LFS objects: 100% (1/1), 16 KB | 0 B/s, done.
To https://github.com/pewpi-infinity/mongoose.os.git
   d7a84ddf..2ee93055  main -> main
[∞] Cycle 2025-12-09T05:33:19-06:00
[95m[∞] Infinity Termux Research Writer — ONLINE[0m
[94m[∞] Terms → micro baryon cluster, micro fermion field, planets pluto transition, planets titan methane system[0m
[92m[∞] Minted PAPER_000039_BLUE_micro_baryon_cluster.md[0m
[92m[∞] Value → $1.0m[0m
[92m[∞] Color → BLUE[0m
[94m[∞] Log updated → tokens_cart101_physics/token_log.json[0m
[95m[∞] Done.[0m
[main 46cb47f8] [∞] AutoPush: 2025-12-09T05:33:27-06:00
 2 files changed, 57 insertions(+), 2 deletions(-)
 create mode 100644 infinity_papers/PAPER_000039_BLUE_micro_baryon_cluster.md
Current branch main is up to date.
Uploading LFS objects: 100% (1/1), 17 KB | 0 B/s, done.
To https://github.com/pewpi-infinity/mongoose.os.git
   2ee93055..46cb47f8  main -> main
[∞] Cycle 2025-12-09T05:34:31-06:00
[95m[∞] Infinity Termux Research Writer — ONLINE[0m
[94m[∞] Terms → equations energy balance, equations linear systems, macro nebular cloud, macro stellar nursery[0m
[92m[∞] Minted PAPER_000040_GREEN_equations_energy_balance.md[0m
[92m[∞] Value → $1.0m[0m
[92m[∞] Color → GREEN[0m
[94m[∞] Log updated → tokens_cart101_physics/token_log.json[0m
[95m[∞] Done.[0m
[main ac34e23a] [∞] AutoPush: 2025-12-09T05:34:38-06:00
 2 files changed, 57 insertions(+), 2 deletions(-)
 create mode 100644 infinity_papers/PAPER_000040_GREEN_equations_energy_balance.md
Current branch main is up to date.
Uploading LFS objects: 100% (1/1), 17 KB | 0 B/s, done.
To https://github.com/pewpi-infinity/mongoose.os.git
   46cb47f8..ac34e23a  main -> main
[∞] Cycle 2025-12-09T05:35:41-06:00
[95m[∞] Infinity Termux Research Writer — ONLINE[0m
[94m[∞] Terms → bible wind movement, equations density function, macro cosmic web, macro supercluster expansion[0m
[92m[∞] Minted PAPER_000041_RED_bible_wind_movement.md[0m
[92m[∞] Value → $1.0m[0m
[92m[∞] Color → RED[0m
[94m[∞] Log updated → tokens_cart101_physics/token_log.json[0m
[95m[∞] Done.[0m
[main 4333132d] [∞] AutoPush: 2025-12-09T05:35:50-06:00
 2 files changed, 57 insertions(+), 2 deletions(-)
 create mode 100644 infinity_papers/PAPER_000041_RED_bible_wind_movement.md
Current branch main is up to date.
Uploading LFS objects: 100% (1/1), 18 KB | 0 B/s, done.
To https://github.com/pewpi-infinity/mongoose.os.git
   ac34e23a..4333132d  main -> main
[∞] Cycle 2025-12-09T05:36:56-06:00
[95m[∞] Infinity Termux Research Writer — ONLINE[0m
[94m[∞] Terms → equations linear systems, macro nebular cloud, macro vacuum fluctuation, non chaotic invariant line[0m
[92m[∞] Minted PAPER_000042_ORANGE_equations_linear_systems.md[0m
[92m[∞] Value → $1.0m[0m
[92m[∞] Color → ORANGE[0m
[94m[∞] Log updated → tokens_cart101_physics/token_log.json[0m
[95m[∞] Done.[0m
[main d820be7c] [∞] AutoPush: 2025-12-09T05:37:10-06:00
 2 files changed, 57 insertions(+), 2 deletions(-)
 create mode 100644 infinity_papers/PAPER_000042_ORANGE_equations_linear_systems.md
Current branch main is up to date.
Uploading LFS objects: 100% (1/1), 18 KB | 0 B/s, done.
To https://github.com/pewpi-infinity/mongoose.os.git
   4333132d..d820be7c  main -> main
[∞] Cycle 2025-12-09T05:38:20-06:00
[95m[∞] Infinity Termux Research Writer — ONLINE[0m
[94m[∞] Terms → equations aperiodic solution, macro vacuum fluctuation, planets europa subsurface ocean, scales nanostructure[0m
[92m[∞] Minted PAPER_000043_GREEN_equations_aperiodic_solu.md[0m
[92m[∞] Value → $1.0m[0m
[92m[∞] Color → GREEN[0m
[94m[∞] Log updated → tokens_cart101_physics/token_log.json[0m
[95m[∞] Done.[0m
[main bcf35177] [∞] AutoPush: 2025-12-09T05:38:31-06:00
 2 files changed, 58 insertions(+), 2 deletions(-)
 create mode 100644 infinity_papers/PAPER_000043_GREEN_equations_aperiodic_solu.md
Current branch main is up to date.
Uploading LFS objects: 100% (1/1), 19 KB | 0 B/s, done.
To https://github.com/pewpi-infinity/mongoose.os.git
   d820be7c..bcf35177  main -> main
[∞] Cycle 2025-12-09T05:39:36-06:00
[95m[∞] Infinity Termux Research Writer — ONLINE[0m
[94m[∞] Terms → equations phase shift, equations wave collapse, measurements tesla induction, planets jupiter radiation[0m
[92m[∞] Minted PAPER_000044_BLUE_equations_phase_shift.md[0m
[92m[∞] Value → $1.0m[0m
[92m[∞] Color → BLUE[0m
[94m[∞] Log updated → tokens_cart101_physics/token_log.json[0m
[95m[∞] Done.[0m
[main 0ac48a39] [∞] AutoPush: 2025-12-09T05:39:43-06:00
 2 files changed, 57 insertions(+), 2 deletions(-)
 create mode 100644 infinity_papers/PAPER_000044_BLUE_equations_phase_shift.md
Current branch main is up to date.
Uploading LFS objects: 100% (1/1), 19 KB | 0 B/s, done.
To https://github.com/pewpi-infinity/mongoose.os.git
   bcf35177..0ac48a39  main -> main
[∞] Cycle 2025-12-09T05:40:45-06:00
[95m[∞] Infinity Termux Research Writer — ONLINE[0m
[94m[∞] Terms → bible order from chaos, bible river life, macro vacuum fluctuation, micro meson exchange[0m
[92m[∞] Minted PAPER_000045_ORANGE_bible_order_from_chaos.md[0m
[92m[∞] Value → $1.0m[0m
[92m[∞] Color → ORANGE[0m
[94m[∞] Log updated → tokens_cart101_physics/token_log.json[0m
[95m[∞] Done.[0m
[main 62b0bfba] [∞] AutoPush: 2025-12-09T05:40:56-06:00
 2 files changed, 57 insertions(+), 2 deletions(-)
 create mode 100644 infinity_papers/PAPER_000045_ORANGE_bible_order_from_chaos.md
Current branch main is up to date.
Uploading LFS objects: 100% (1/1), 19 KB | 0 B/s, done.
To https://github.com/pewpi-infinity/mongoose.os.git
   0ac48a39..62b0bfba  main -> main
[∞] Cycle 2025-12-09T05:41:59-06:00
[95m[∞] Infinity Termux Research Writer — ONLINE[0m
[94m[∞] Terms → bible light creation, measurements ampere flow, non chaotic frequency state, planets pluto transition[0m
[92m[∞] Minted PAPER_000046_PINK_bible_light_creation.md[0m
[92m[∞] Value → $1.0m[0m
[92m[∞] Color → PINK[0m
[94m[∞] Log updated → tokens_cart101_physics/token_log.json[0m
[95m[∞] Done.[0m
[main ba072df2] [∞] AutoPush: 2025-12-09T05:42:08-06:00
 2 files changed, 57 insertions(+), 2 deletions(-)
 create mode 100644 infinity_papers/PAPER_000046_PINK_bible_light_creation.md
Current branch main is up to date.
Uploading LFS objects: 100% (1/1), 20 KB | 0 B/s, done.
To https://github.com/pewpi-infinity/mongoose.os.git
   62b0bfba..ba072df2  main -> main
[∞] Cycle 2025-12-09T05:43:12-06:00
[95m[∞] Infinity Termux Research Writer — ONLINE[0m
[94m[∞] Terms → equations aperiodic solution, equations critical transition, linear phase transition, scales macrostructure[0m
[92m[∞] Minted PAPER_000047_BLUE_equations_aperiodic_solu.md[0m
[92m[∞] Value → $1.0m[0m
[92m[∞] Color → BLUE[0m
[94m[∞] Log updated → tokens_cart101_physics/token_log.json[0m
[95m[∞] Done.[0m
[main d05aedef] [∞] AutoPush: 2025-12-09T05:43:26-06:00
 2 files changed, 58 insertions(+), 2 deletions(-)
 create mode 100644 infinity_papers/PAPER_000047_BLUE_equations_aperiodic_solu.md
Current branch main is up to date.
Uploading LFS objects: 100% (1/1), 20 KB | 0 B/s, done.
To https://github.com/pewpi-infinity/mongoose.os.git
   ba072df2..d05aedef  main -> main
[∞] Cycle 2025-12-09T05:44:31-06:00
[95m[∞] Infinity Termux Research Writer — ONLINE[0m
[94m[∞] Terms → macro cosmic web, measurements centimeter harmonic, micro photon drift, non chaotic invariant line[0m
[92m[∞] Minted PAPER_000048_YELLOW_macro_cosmic_web.md[0m
[92m[∞] Value → $1.0m[0m
[92m[∞] Color → YELLOW[0m
[94m[∞] Log updated → tokens_cart101_physics/token_log.json[0m
[95m[∞] Done.[0m
[main b2b8e19f] [∞] AutoPush: 2025-12-09T05:47:43-06:00
 2 files changed, 58 insertions(+), 2 deletions(-)
 create mode 100644 infinity_papers/PAPER_000048_YELLOW_macro_cosmic_web.md
Current branch main is up to date.
Uploading LFS objects: 100% (1/1), 21 KB | 0 B/s, done.
To https://github.com/pewpi-infinity/mongoose.os.git
   d05aedef..b2b8e19f  main -> main
[∞] Cycle 2025-12-09T06:05:18-06:00
[95m[∞] Infinity Termux Research Writer — ONLINE[0m
[94m[∞] Terms → equations bifurcation map, macro supercluster expansion, measurements joule distribution, systems thermal transition[0m
[92m[∞] Minted PAPER_000049_ORANGE_equations_bifurcation_ma.md[0m
[92m[∞] Value → $1.0m[0m
[92m[∞] Color → ORANGE[0m
[94m[∞] Log updated → tokens_cart101_physics/token_log.json[0m
[95m[∞] Done.[0m
