[2025-12-16T08:13:58Z] DRY RUN MODE ENABLED
[2025-12-16T08:13:58Z] No files will be written
[2025-12-16T08:13:58Z] No tokens will be minted
[2025-12-16T08:13:58Z] No git operations will occur
[2025-12-16T08:13:58Z] SIMULATE: ./cart_INFINITY_PLUS_RESEARCH.py hydrogen
[2025-12-16T08:13:58Z] SIMULATE: ./cart_INFINITY_PLUS_INDEX_BUILDER.py
[2025-12-16T08:13:58Z] SIMULATE: ./cart_INFINITY_PLUS_LINK_TREE.py
[2025-12-16T08:13:58Z] SIMULATE: ./cart_INFINITY_PLUS_VALUE_ACCUMULATOR.py
[2025-12-16T08:13:58Z] SIMULATE: ./cart_INFINITY_CROSS_MODULE_MESSENGER.py
[2025-12-16T08:13:58Z] SIMULATE: ./cart_INFINITY_ARTIFACT_WEB.py
[2025-12-16T08:13:58Z] SIMULATE: ./cart_INFINITY_TOPIC_SCORER.py
[2025-12-16T08:13:58Z] Dry-run simulation complete
[2025-12-16T08:13:58Z] Review this log to validate system behavior
[2025-12-16T12:53:01Z] DRY RUN MODE ENABLED
[2025-12-16T12:53:01Z] No files will be written
[2025-12-16T12:53:01Z] No tokens will be minted
[2025-12-16T12:53:01Z] No git operations will occur
[2025-12-16T12:53:01Z] SIMULATE: ./cart_INFINITY_PLUS_RESEARCH.py hydrogen
[2025-12-16T12:53:01Z] SIMULATE: ./cart_INFINITY_PLUS_INDEX_BUILDER.py
[2025-12-16T12:53:01Z] SIMULATE: ./cart_INFINITY_PLUS_LINK_TREE.py
[2025-12-16T12:53:01Z] SIMULATE: ./cart_INFINITY_PLUS_VALUE_ACCUMULATOR.py
[2025-12-16T12:53:01Z] SIMULATE: ./cart_INFINITY_CROSS_MODULE_MESSENGER.py
[2025-12-16T12:53:01Z] SIMULATE: ./cart_INFINITY_ARTIFACT_WEB.py
[2025-12-16T12:53:01Z] SIMULATE: ./cart_INFINITY_TOPIC_SCORER.py
[2025-12-16T12:53:01Z] Dry-run simulation complete
[2025-12-16T12:53:01Z] Review this log to validate system behavior
[2025-12-16T12:58:14Z] DRY RUN MODE ENABLED
[2025-12-16T12:58:14Z] No files will be written
[2025-12-16T12:58:14Z] No tokens will be minted
[2025-12-16T12:58:14Z] No git operations will occur
[2025-12-16T12:58:14Z] SIMULATE: ./cart_INFINITY_PLUS_RESEARCH.py hydrogen
[2025-12-16T12:58:14Z] SIMULATE: ./cart_INFINITY_PLUS_INDEX_BUILDER.py
[2025-12-16T12:58:14Z] SIMULATE: ./cart_INFINITY_PLUS_LINK_TREE.py
[2025-12-16T12:58:14Z] SIMULATE: ./cart_INFINITY_PLUS_VALUE_ACCUMULATOR.py
[2025-12-16T12:58:14Z] SIMULATE: ./cart_INFINITY_CROSS_MODULE_MESSENGER.py
[2025-12-16T12:58:14Z] SIMULATE: ./cart_INFINITY_ARTIFACT_WEB.py
[2025-12-16T12:58:14Z] SIMULATE: ./cart_INFINITY_TOPIC_SCORER.py
[2025-12-16T12:58:14Z] Dry-run simulation complete
[2025-12-16T12:58:14Z] Review this log to validate system behavior
[2025-12-16T13:15:24Z] DRY RUN MODE ENABLED
[2025-12-16T13:15:24Z] No files will be written
[2025-12-16T13:15:24Z] No tokens will be minted
[2025-12-16T13:15:24Z] No git operations will occur
[2025-12-16T13:15:24Z] SIMULATE: ./cart_INFINITY_PLUS_RESEARCH.py hydrogen
[2025-12-16T13:15:24Z] SIMULATE: ./cart_INFINITY_PLUS_INDEX_BUILDER.py
[2025-12-16T13:15:24Z] SIMULATE: ./cart_INFINITY_PLUS_LINK_TREE.py
[2025-12-16T13:15:24Z] SIMULATE: ./cart_INFINITY_PLUS_VALUE_ACCUMULATOR.py
[2025-12-16T13:15:24Z] SIMULATE: ./cart_INFINITY_CROSS_MODULE_MESSENGER.py
[2025-12-16T13:15:24Z] SIMULATE: ./cart_INFINITY_ARTIFACT_WEB.py
[2025-12-16T13:15:24Z] SIMULATE: ./cart_INFINITY_TOPIC_SCORER.py
[2025-12-16T13:15:24Z] Dry-run simulation complete
[2025-12-16T13:15:24Z] Review this log to validate system behavior
