[2025-12-12T07:46:34.481918] Infinity Pipeline Orchestrator started
[2025-12-12T07:46:34.483095] Running: Research Writer
[2025-12-12T07:46:36.811985] Completed: Research Writer
[2025-12-12T07:46:36.812632] Running: Token Index Builder
[2025-12-12T07:46:37.077385] Completed: Token Index Builder
[2025-12-12T07:46:37.077948] Running: Link Tree Builder
[2025-12-12T07:46:37.340109] Completed: Link Tree Builder
[2025-12-12T07:46:37.340681] Running: Value Accumulator
[2025-12-12T07:46:37.598583] Completed: Value Accumulator
[2025-12-12T07:46:37.599607] Infinity Pipeline Orchestrator complete
[2025-12-12T07:53:56.547822] Infinity Pipeline Orchestrator started
[2025-12-12T07:53:56.554337] Running: Research Writer
[2025-12-12T07:54:00.327672] Completed: Research Writer
[2025-12-12T07:54:00.328783] Running: Token Index Builder
[2025-12-12T07:54:00.664236] Completed: Token Index Builder
[2025-12-12T07:54:00.664930] Running: Link Tree Builder
[2025-12-12T07:54:00.995732] Completed: Link Tree Builder
[2025-12-12T07:54:00.996915] Running: Value Accumulator
[2025-12-12T07:54:01.294372] Completed: Value Accumulator
[2025-12-12T07:54:01.294857] Infinity Pipeline Orchestrator complete
[2025-12-12T08:02:56.052541] Infinity Pipeline Orchestrator started
[2025-12-12T08:02:56.054625] Running: Research Writer
[2025-12-12T08:02:58.217270] Completed: Research Writer
[2025-12-12T08:02:58.217938] Running: Token Index Builder
[2025-12-12T08:02:58.481755] Completed: Token Index Builder
[2025-12-12T08:02:58.482376] Running: Link Tree Builder
[2025-12-12T08:02:58.741259] Completed: Link Tree Builder
[2025-12-12T08:02:58.742167] Running: Value Accumulator
[2025-12-12T08:02:59.003562] Completed: Value Accumulator
[2025-12-12T08:02:59.004536] Infinity Pipeline Orchestrator complete
[2025-12-12T08:06:01.213815] Infinity Pipeline Orchestrator started
[2025-12-12T08:06:01.215982] Running: Research Writer
[2025-12-12T08:06:03.317884] Completed: Research Writer
[2025-12-12T08:06:03.318612] Running: Token Index Builder
[2025-12-12T08:06:03.578702] Completed: Token Index Builder
[2025-12-12T08:06:03.579311] Running: Link Tree Builder
[2025-12-12T08:06:03.842122] Completed: Link Tree Builder
[2025-12-12T08:06:03.842856] Running: Value Accumulator
[2025-12-12T08:06:04.103625] Completed: Value Accumulator
[2025-12-12T08:06:04.104750] Infinity Pipeline Orchestrator complete
