[2025-12-16T08:13:47Z] Staging safe paths
[main dde78978] Infinity+ auto-push (indexes + artifact)
 1 file changed, 53 insertions(+)
 create mode 100755 cart_index.sh
[2025-12-16T08:13:49Z] Attempting git push
To https://github.com/pewpi-infinity/mongoose.os.git
   9555e474..dde78978  main -> main
[2025-12-16T08:13:58Z] Push successful
[2025-12-16T12:52:48Z] Staging safe paths
[main ae107db3] Infinity+ auto-push (indexes + artifact)
 7 files changed, 283 insertions(+), 23 deletions(-)
 create mode 100755 cart_generate_brain_index.sh
 create mode 100755 cart_global_repo_census.sh
 create mode 100755 cart_inject_brain_contract.sh
 create mode 100755 cart_normalize_brains.sh
 create mode 100755 cart_repo_classifier.py
 create mode 100755 cart_repo_inventory.sh
[2025-12-16T12:52:51Z] Attempting git push
To https://github.com/pewpi-infinity/mongoose.os.git
   070fd529..ae107db3  main -> main
[2025-12-16T12:53:01Z] Push successful
[2025-12-16T12:53:01Z] ∞ Infinity Git Push (Adaptive Mode)
[2025-12-16T12:53:01Z] Sparse-checkout detected
[2025-12-16T12:53:01Z] Running pre-push sanity checks
[2025-12-16T12:53:01Z] WARNING: Cart number gaps detected: 1
1
42
102
103
106
402
[2025-12-16T12:53:01Z] Git status BEFORE add:
 M infinity_storage/logs/dry_run.log
 M infinity_storage/logs/last_push.time
 M infinity_storage/logs/push.log
?? brain.yaml
?? brain_repo_doctor.py
?? create_infinity_brains.sh
?? dashboard.css
?? dashboard.html
?? dashboard.js
?? gh_create_infinity_brains.sh
?? infinity_repo_inventory.txt
[2025-12-16T12:53:01Z] Staging files
[2025-12-16T12:53:01Z] Using sparse-aware staging
