[✓] Committed cart_AUTO_01-cart_cart000_run_all_22b7c335.sh to infinity-carts-core
[✓] Committed cart_AUTO_01-cart_cart000_run_all_f7575f5d.sh to infinity-carts-core
[✓] Committed cart_AUTO_01-cart_cart001A_infinity_runcommands_7240b1c6.sh to infinity-carts-core
[✓] Committed cart_AUTO_01-cart_cart001A_infinity_runcommands_fb4335c6.sh to infinity-carts-core
[✓] Committed cart_AUTO_01-cart_cart002_engineering_30358961.sh to infinity-carts-core
[✓] Committed cart_AUTO_01-cart_cart002_engineering_36575e14.sh to infinity-carts-core
[✓] Committed cart_AUTO_01-cart_cart002_engineering_5335b532.sh to infinity-carts-core
[✓] Committed cart_AUTO_01-cart_cart002_engineering_c3f2bee8.sh to infinity-carts-core
[✓] Committed cart_AUTO_01-cart_cart003_computers_1dfaefb0.sh to infinity-carts-core
[✓] Committed cart_AUTO_01-cart_cart003_computers_94417666.sh to infinity-carts-core
[✓] Committed cart_AUTO_01-cart_cart003_computers_aa8f6b69.sh to infinity-carts-core
[✓] Committed cart_AUTO_01-cart_cart005_code_587ec517.sh to infinity-carts-core
[✓] Committed cart_AUTO_01-cart_cart007_tokens_699fe271.sh to infinity-carts-core
[✓] Committed cart_AUTO_01-cart_cart008_government_547e362e.sh to infinity-carts-core
[✓] Committed cart_AUTO_01-cart_cart008_government_a443133a.sh to infinity-carts-core
[✓] Committed cart_AUTO_01-cart_cart009_power_f3839924.sh to infinity-carts-core
[✓] Committed cart_AUTO_01-cart_cart010_components_d81ade2e.sh to infinity-carts-core
[✓] Committed cart_AUTO_01-cart_cart011_speakeasy_0da1bc96.sh to infinity-carts-core
[✓] Committed cart_AUTO_01-cart_cart011_speakeasy_1e7aa5e1.sh to infinity-carts-core
[✓] Committed cart_AUTO_01-cart_cart011_speakeasy_36ae5843.sh to infinity-carts-core
[✓] Committed cart_AUTO_01-cart_cart011_speakeasy_4e23cc41.sh to infinity-carts-core
[✓] Committed cart_AUTO_01-cart_cart011_speakeasy_b6124f0f.sh to infinity-carts-core
[✓] Committed cart_AUTO_01-cart_cart011_speakeasy_e3233b6b.sh to infinity-carts-core
[✓] Committed cart_AUTO_01-cart_cart012_solutes_020f402b.sh to infinity-carts-core
[✓] Committed cart_AUTO_01-cart_cart012_solutes_52dbc5b3.sh to infinity-carts-core
[✓] Committed cart_AUTO_01-cart_cart013_mercury_aluminum_growth_328435bc.sh to infinity-carts-core
