nohup: ignoring input
[∞] REPO AUTO-CREATOR ONLINE
[∞] Org/User: pewpi-infinity
[∞] Watching: /data/data/com.termux/files/home/infinity-treasury/mongoose.os/cart_generated
[∞] Press CTRL+C to stop

[→] Routing cart_AUTO_01-cart_cart000_run_all_22b7c335.sh → infinity-carts-core
[=] Repo exists: infinity-carts-core
warning: fetch updated the current branch head.
fast-forwarding your working tree from
commit 8149df468ea869a393a8b0d0da0cab5a66c9fc17.
error: The following untracked working tree files would be overwritten by merge:
	cart_AUTO_01-cart_cart011_speakeasy_4e23cc41.sh
Please move or remove them before you merge.
Aborting
fatal: Cannot fast-forward your working tree.
After making sure that you saved anything precious from
$ git diff 8149df468ea869a393a8b0d0da0cab5a66c9fc17
output, run
$ git reset --hard
to recover.
