nohup: ignoring input
[∞] Infinity Scheduler ONLINE
[∞] Interval: 300s
[∞] Logs: /data/data/com.termux/files/home/infinity-treasury/mongoose.os/infinity_storage/logs
[∞] Tick @ 2025-12-16 07:11:36
[∞] Infinity Safe Push
 M cart_INFINITY_SCHEDULER.sh
 M cart_index.sh
 M infinity_storage/logs/last_push.time
 M infinity_storage/logs/push.log
 M infinity_storage/logs/scheduler.log
?? infinity_storage/logs/scheduler.out

[∞] AUTO mode detected — skipping confirmation
[main 505c69d5] Infinity auto commit 2025-12-16 07:11:37
 6 files changed, 50 insertions(+), 58 deletions(-)
 create mode 100644 infinity_storage/logs/scheduler.out
To https://github.com/pewpi-infinity/mongoose.os.git
   f69fcbf9..505c69d5  main -> main
[✓] Safe Push complete
[∞] Sleeping… 05:00
[∞] Sleeping… 04:30
[∞] Sleeping… 04:00
[∞] Sleeping… 03:30
[∞] Sleeping… 03:00
[∞] Sleeping… 02:30
[∞] Sleeping… 02:00
[∞] Sleeping… 01:30
[∞] Sleeping… 01:00
[∞] Sleeping… 00:30
[∞] Tick @ 2025-12-16 07:16:44
[∞] Infinity Safe Push
 M infinity_storage/logs/last_push.time
 M infinity_storage/logs/push.log
 M infinity_storage/logs/scheduler.log
 M infinity_storage/logs/scheduler.out

[∞] AUTO mode detected — skipping confirmation
[main bb5c205d] Infinity auto commit 2025-12-16 07:16:44
 4 files changed, 13 insertions(+), 1 deletion(-)
To https://github.com/pewpi-infinity/mongoose.os.git
 ! [remote rejected]   main -> main (cannot lock ref 'refs/heads/main': is at bb5c205d1ce715a948a4c902bb931d4f41e45bd0 but expected e4b31dcdeee73abfb8d0a27e34cd7b76b4e57b3f)
error: failed to push some refs to 'https://github.com/pewpi-infinity/mongoose.os.git'
[∞] Sleeping… 05:00
[∞] Sleeping… 04:30
[∞] Sleeping… 04:00
[∞] Sleeping… 03:30
[∞] Sleeping… 03:00
[∞] Sleeping… 02:30
[∞] Sleeping… 02:00
[∞] Sleeping… 01:30
[∞] Sleeping… 01:00
[∞] Sleeping… 00:30
[∞] Tick @ 2025-12-16 07:21:50
[∞] Infinity Safe Push
 M infinity_storage/logs/last_push.time
 M infinity_storage/logs/push.log
 M infinity_storage/logs/scheduler.log
 M infinity_storage/logs/scheduler.out
?? cart_CART_BUILDER.py
?? cart_MONGOOSE_API.py
?? cart_REPO_SCANNER.sh
?? cart_SYSTEM_STATUS.sh

[∞] AUTO mode detected — skipping confirmation
[main 626c7351] Infinity auto commit 2025-12-16 07:21:51
 8 files changed, 137 insertions(+), 1 deletion(-)
 create mode 100755 cart_CART_BUILDER.py
 create mode 100755 cart_MONGOOSE_API.py
 create mode 100755 cart_REPO_SCANNER.sh
 create mode 100755 cart_SYSTEM_STATUS.sh
To https://github.com/pewpi-infinity/mongoose.os.git
   4928fb18..626c7351  main -> main
[✓] Safe Push complete
[∞] Sleeping… 05:00
[∞] Sleeping… 04:30
[∞] Sleeping… 04:00
[∞] Sleeping… 03:30
[∞] Sleeping… 03:00
[∞] Sleeping… 02:30
[∞] Sleeping… 02:00
[∞] Sleeping… 01:30
[∞] Sleeping… 01:00
[∞] Sleeping… 00:30
[∞] Tick @ 2025-12-16 07:27:00
[∞] Infinity Safe Push
 M infinity_storage/logs/last_push.time
 M infinity_storage/logs/mongoose_api.log
 M infinity_storage/logs/push.log
 M infinity_storage/logs/scheduler.log
 M infinity_storage/logs/scheduler.out

[∞] AUTO mode detected — skipping confirmation
[main 51dc2037] Infinity auto commit 2025-12-16 07:27:01
 5 files changed, 15 insertions(+), 1 deletion(-)
To https://github.com/pewpi-infinity/mongoose.os.git
   eaeedb4f..51dc2037  main -> main
[✓] Safe Push complete
[∞] Sleeping… 05:00
[∞] Sleeping… 04:30
[∞] Sleeping… 04:00
[∞] Sleeping… 03:30
[∞] Sleeping… 03:00
[∞] Sleeping… 02:30
[∞] Sleeping… 02:00
[∞] Sleeping… 01:30
[∞] Sleeping… 01:00
[∞] Sleeping… 00:30
[∞] Tick @ 2025-12-16 07:32:10
[∞] Infinity Safe Push
 M infinity_storage/logs/last_push.time
 M infinity_storage/logs/push.log
 M infinity_storage/logs/scheduler.log
 M infinity_storage/logs/scheduler.out

[∞] AUTO mode detected — skipping confirmation
[main f3db2372] Infinity auto commit 2025-12-16 07:32:11
 4 files changed, 13 insertions(+), 1 deletion(-)
To https://github.com/pewpi-infinity/mongoose.os.git
   2f4c1b50..f3db2372  main -> main
[✓] Safe Push complete
[∞] Sleeping… 05:00
[∞] Sleeping… 04:30
[∞] Sleeping… 04:00
[∞] Sleeping… 03:30
[∞] Sleeping… 03:00
[∞] Sleeping… 02:30
[∞] Sleeping… 02:00
[∞] Sleeping… 01:30
[∞] Sleeping… 01:00
[∞] Sleeping… 00:30
[∞] Tick @ 2025-12-16 07:37:16
[∞] Infinity Safe Push
 M cart_INTEL_ENGINE.py
 M cart_NIGHTLY_MAJESTY.sh
 M cart_WAKEUP_DASH.sh
 M infinity_storage/index/intelligence_feed.json
 M infinity_storage/index/views.json
 M infinity_storage/logs/intelligence.log
 M infinity_storage/logs/last_push.time
 M infinity_storage/logs/majesty.out
 M infinity_storage/logs/push.log
 M infinity_storage/logs/scheduler.log
 M infinity_storage/logs/scheduler.out
?? cart_generated/cart_AUTO_electronics_oscilloscope_3489bd6f75.sh
?? cart_generated/cart_AUTO_electronics_power_1bc44ff1da.sh
?? cart_generated/cart_AUTO_gadgets_music_box_cbcae36aa0.sh
?? cart_generated/cart_AUTO_gadgets_timer_072c5df4f8.sh
?? cart_generated/cart_AUTO_gizmos_rfid_630f51a66b.sh
?? cart_generated/cart_AUTO_gizmos_robot_arm_371eef6ca7.sh

[∞] AUTO mode detected — skipping confirmation
[main 3602b75f] Infinity auto commit 2025-12-16 07:37:18
 17 files changed, 125 insertions(+), 34 deletions(-)
 create mode 100755 cart_generated/cart_AUTO_electronics_oscilloscope_3489bd6f75.sh
 create mode 100755 cart_generated/cart_AUTO_electronics_power_1bc44ff1da.sh
 create mode 100755 cart_generated/cart_AUTO_gadgets_music_box_cbcae36aa0.sh
 create mode 100755 cart_generated/cart_AUTO_gadgets_timer_072c5df4f8.sh
 create mode 100755 cart_generated/cart_AUTO_gizmos_rfid_630f51a66b.sh
 create mode 100755 cart_generated/cart_AUTO_gizmos_robot_arm_371eef6ca7.sh
To https://github.com/pewpi-infinity/mongoose.os.git
   1aaae471..3602b75f  main -> main
[✓] Safe Push complete
[∞] Sleeping… 05:00
[∞] Sleeping… 04:30
[∞] Sleeping… 04:00
[∞] Sleeping… 03:30
[∞] Sleeping… 03:00
[∞] Sleeping… 02:30
[∞] Sleeping… 02:00
[∞] Sleeping… 01:30
[∞] Sleeping… 01:00
[∞] Sleeping… 00:30
[∞] Tick @ 2025-12-16 07:42:25
[∞] Infinity Safe Push
 M infinity_storage/logs/last_push.time
 M infinity_storage/logs/push.log
 M infinity_storage/logs/scheduler.log
 M infinity_storage/logs/scheduler.out
?? cart_INFINITE_ENGINE.sh
?? cart_generated/cart_AUTO_01-cart_cart002_engineering_5335b532.sh
?? cart_generated/cart_AUTO_01-cart_cart011_speakeasy_0da1bc96.sh
?? cart_generated/cart_AUTO_01-cart_cart014_mercury_vapor_power_c5d268cd.sh
?? cart_generated/cart_AUTO_01-cart_cart019_token_generation_ab8fdd35.sh
?? cart_generated/cart_AUTO_01-cart_cart026_aluminum_oxide_devices_8bd4f155.sh
?? cart_generated/cart_AUTO_01-cart_cart101_blue_paper_builder_594322c0.sh
?? cart_generated/cart_AUTO_01-cart_cartC03_potential_energy_b087bd3f.sh
?? cart_generated/cart_AUTO_01-cart_cartC09_biot_savart_wire_0597b7a5.sh
?? cart_generated/cart_AUTO_01-cart_cartC10_magnetic_flux_4c00e8ce.sh
?? cart_generated/cart_AUTO_01-cart_cartC11_faradays_law_c4f78c45.sh
?? cart_generated/cart_AUTO_01-cart_cartC13_magnetic_force_ae8b7f34.sh
?? cart_generated/cart_AUTO_01-cart_cartC15_solenoid_inductance_80793a8f.sh
?? cart_generated/cart_AUTO_01-cart_cartC16_accessibility_considerations_695cc00a.sh
?? cart_generated/cart_AUTO_01-cart_cartC32_thermal_noise_fe52a626.sh
?? cart_generated/cart_AUTO_01-cart_cartX_COMPOSITE_field_regime_analyzer_26e3d0e1.sh
?? cart_generated/cart_AUTO_01-cart_cart_AUTO_01-cart_cart_INFINITY_ARTIFACT_WEB_cfb82c2d_32bbead5.sh
?? cart_generated/cart_AUTO_01-cart_cart_INFINITY_ARTIFACT_WEB_cfb82c2d.sh
?? cart_generated/cart_AUTO_01-cart_cart_INFINITY_PLUS_VALUE_ACCUMULATOR_8d0d41c3.sh
?? cart_generated/cart_AUTO_01-cart_cart_NIGHTLY_MAJESTY_89b7b186.sh
?? cart_generated/cart_AUTO_01-cart_cart_decay_model_91e577c8.sh
?? cart_generated/cart_AUTO_01-cart_cart_export_scientific_7c5c9d96.sh
?? cart_generated/cart_AUTO_01-cart_cart_fft_light_758d124d.sh
?? cart_generated/cart_AUTO_01-cart_cart_time_sync_e4be6653.sh
?? cart_generated/cart_AUTO_02-js_module_bridge_045948e4.sh
?? cart_generated/cart_AUTO_02-js_writer_d90bd090.sh
?? infinity_storage/index/feed.json
?? infinity_storage/logs/infinite_engine.log
?? infinity_storage/state/

[∞] AUTO mode detected — skipping confirmation
[main 7d323841] Infinity auto commit 2025-12-16 07:42:26
 33 files changed, 273 insertions(+), 1 deletion(-)
 create mode 100755 cart_INFINITE_ENGINE.sh
 create mode 100755 cart_generated/cart_AUTO_01-cart_cart002_engineering_5335b532.sh
 create mode 100755 cart_generated/cart_AUTO_01-cart_cart011_speakeasy_0da1bc96.sh
 create mode 100755 cart_generated/cart_AUTO_01-cart_cart014_mercury_vapor_power_c5d268cd.sh
 create mode 100755 cart_generated/cart_AUTO_01-cart_cart019_token_generation_ab8fdd35.sh
 create mode 100755 cart_generated/cart_AUTO_01-cart_cart026_aluminum_oxide_devices_8bd4f155.sh
 create mode 100755 cart_generated/cart_AUTO_01-cart_cart101_blue_paper_builder_594322c0.sh
 create mode 100755 cart_generated/cart_AUTO_01-cart_cartC03_potential_energy_b087bd3f.sh
 create mode 100755 cart_generated/cart_AUTO_01-cart_cartC09_biot_savart_wire_0597b7a5.sh
 create mode 100755 cart_generated/cart_AUTO_01-cart_cartC10_magnetic_flux_4c00e8ce.sh
 create mode 100755 cart_generated/cart_AUTO_01-cart_cartC11_faradays_law_c4f78c45.sh
 create mode 100755 cart_generated/cart_AUTO_01-cart_cartC13_magnetic_force_ae8b7f34.sh
 create mode 100755 cart_generated/cart_AUTO_01-cart_cartC15_solenoid_inductance_80793a8f.sh
 create mode 100755 cart_generated/cart_AUTO_01-cart_cartC16_accessibility_considerations_695cc00a.sh
 create mode 100755 cart_generated/cart_AUTO_01-cart_cartC32_thermal_noise_fe52a626.sh
 create mode 100755 cart_generated/cart_AUTO_01-cart_cartX_COMPOSITE_field_regime_analyzer_26e3d0e1.sh
 create mode 100755 cart_generated/cart_AUTO_01-cart_cart_AUTO_01-cart_cart_INFINITY_ARTIFACT_WEB_cfb82c2d_32bbead5.sh
 create mode 100755 cart_generated/cart_AUTO_01-cart_cart_INFINITY_ARTIFACT_WEB_cfb82c2d.sh
 create mode 100755 cart_generated/cart_AUTO_01-cart_cart_INFINITY_PLUS_VALUE_ACCUMULATOR_8d0d41c3.sh
 create mode 100755 cart_generated/cart_AUTO_01-cart_cart_NIGHTLY_MAJESTY_89b7b186.sh
 create mode 100755 cart_generated/cart_AUTO_01-cart_cart_decay_model_91e577c8.sh
 create mode 100755 cart_generated/cart_AUTO_01-cart_cart_export_scientific_7c5c9d96.sh
 create mode 100755 cart_generated/cart_AUTO_01-cart_cart_fft_light_758d124d.sh
 create mode 100755 cart_generated/cart_AUTO_01-cart_cart_time_sync_e4be6653.sh
 create mode 100755 cart_generated/cart_AUTO_02-js_module_bridge_045948e4.sh
 create mode 100755 cart_generated/cart_AUTO_02-js_writer_d90bd090.sh
 create mode 100644 infinity_storage/index/feed.json
 create mode 100644 infinity_storage/logs/infinite_engine.log
 create mode 100644 infinity_storage/state/heartbeat.json
Uploading LFS objects: 100% (2/2), 3.4 KB | 0 B/s, done.
To https://github.com/pewpi-infinity/mongoose.os.git
   72d5e2ff..7d323841  main -> main
[✓] Safe Push complete
[∞] Sleeping… 05:00
[∞] Sleeping… 04:30
[∞] Sleeping… 04:00
[∞] Sleeping… 03:30
[∞] Sleeping… 03:00
[∞] Sleeping… 02:30
[∞] Sleeping… 02:00
[∞] Sleeping… 01:30
[∞] Sleeping… 01:00
[∞] Sleeping… 00:30
[∞] Tick @ 2025-12-16 07:47:35
[∞] Infinity Safe Push
 M infinity_storage/index/feed.json
 M infinity_storage/logs/infinite_engine.log
 M infinity_storage/logs/last_push.time
 M infinity_storage/logs/push.log
 M infinity_storage/logs/scheduler.log
 M infinity_storage/logs/scheduler.out
 M infinity_storage/state/heartbeat.json
?? cart_generated/cart_AUTO_01-cart_cart012_solutes_020f402b.sh
?? cart_generated/cart_AUTO_01-cart_cart020_unzip_install_strategy_86b54c8a.sh
?? cart_generated/cart_AUTO_01-cart_cart023_idea_merger_f96aad87.sh
?? cart_generated/cart_AUTO_01-cart_cart031_exoskeleton_20d7b3a1.sh
?? cart_generated/cart_AUTO_01-cart_cart031_exoskeleton_5eba8e3b.sh
?? cart_generated/cart_AUTO_01-cart_cart034_drones_dd6eef77.sh
?? cart_generated/cart_AUTO_01-cart_cart401_mongoose_logic_engine_09a377c6.sh
?? cart_generated/cart_AUTO_01-cart_cart900_infinity_research_rig_b5505957.sh
?? cart_generated/cart_AUTO_01-cart_cartC01_coulombs_law_e1992619.sh
?? cart_generated/cart_AUTO_01-cart_cartC09_biot_savart_wire_5903b309.sh
?? cart_generated/cart_AUTO_01-cart_cartC15_fire_alarm_integration_2d474405.sh
?? cart_generated/cart_AUTO_01-cart_cartC24_wave_converter_080adf81.sh
?? cart_generated/cart_AUTO_01-cart_cartC26_hall_effect_voltage_8e10ace4.sh
?? cart_generated/cart_AUTO_01-cart_cartC26_hall_effect_voltage_c81091cb.sh
?? cart_generated/cart_AUTO_01-cart_cartX_COMPOSITE_field_regime_analyzer_55c87cb9.sh
?? cart_generated/cart_AUTO_01-cart_cart_AUTO_01-cart_cart001A_infinity_runcommands_fb4335c6_983d95f6.sh
?? cart_generated/cart_AUTO_01-cart_cart_AUTO_01-cart_cart002_engineering_5335b532_81925324.sh
?? cart_generated/cart_AUTO_01-cart_cart_AUTO_01-cart_cart011_speakeasy_1e7aa5e1_2caa0190.sh
?? cart_generated/cart_AUTO_01-cart_cart_AUTO_01-cart_cart025_ai_watcher_login_20e2ab1c_fc2fb9f9.sh
?? cart_generated/cart_AUTO_01-cart_cart_AUTO_01-cart_cart026_aluminum_oxide_devices_3e550031_f46b7042.sh
?? cart_generated/cart_AUTO_01-cart_cart_AUTO_01-cart_cart031_exoskeleton_20d7b3a1_7bf391d3.sh
?? cart_generated/cart_AUTO_01-cart_cart_AUTO_01-cart_cart041_hydrogen_expansion_99a9d8de_6549a63d.sh
?? cart_generated/cart_AUTO_01-cart_cart_AUTO_01-cart_cart041_hydrogen_expansion_9fad7776_fee87a13.sh
?? cart_generated/cart_AUTO_01-cart_cart_AUTO_01-cart_cart103_energy_research_0132edf8_81a36908.sh
?? cart_generated/cart_AUTO_01-cart_cart_AUTO_01-cart_cart104_academic_research_c66fa10f_df2b268c.sh
?? cart_generated/cart_AUTO_01-cart_cart_AUTO_01-cart_cart5100_quantum_bio_research_engine_567d978d_c8a61983.sh
?? cart_generated/cart_AUTO_01-cart_cart_AUTO_01-cart_cartC03_potential_energy_b087bd3f_abe2a4ca.sh
?? cart_generated/cart_AUTO_01-cart_cart_AUTO_01-cart_cartC09_biot_savart_wire_0597b7a5_54f2e8ea.sh
?? cart_generated/cart_AUTO_01-cart_cart_AUTO_01-cart_cartC15_fire_alarm_integration_2d474405_95cbb67b.sh
?? cart_generated/cart_AUTO_01-cart_cart_AUTO_01-cart_cartC17_susceptibility_checker_506187ea_5f9ea00a.sh
?? cart_generated/cart_AUTO_01-cart_cart_AUTO_01-cart_cartC17_susceptibility_checker_506187ea_c5aa33e7.sh
?? cart_generated/cart_AUTO_01-cart_cart_AUTO_01-cart_cartX_COMPOSITE_field_regime_analyzer_776c6ec2_2dba8cc7.sh
?? cart_generated/cart_AUTO_01-cart_cart_AUTO_01-cart_cartX_COMPOSITE_material_response_classifier_0e0832a2_1cd0138b.sh
?? cart_generated/cart_AUTO_01-cart_cart_AUTO_01-cart_cartX_COMPOSITE_material_response_classifier_620aad35_ffc7b7ca.sh
?? cart_generated/cart_AUTO_01-cart_cart_AUTO_01-cart_cart_AUTO_01-cart_cart036_rf_generation_1bd4208e_bdb1f6bc_2408b9f5.sh
?? cart_generated/cart_AUTO_01-cart_cart_AUTO_01-cart_cart_AUTO_01-cart_cart036_rf_generation_556c7af0_89e8b7d4_78be89af.sh
?? cart_generated/cart_AUTO_01-cart_cart_AUTO_01-cart_cart_AUTO_01-cart_cart036_rf_generation_db3a6a9c_b14d2a8a_e5dbffcd.sh
?? cart_generated/cart_AUTO_01-cart_cart_AUTO_01-cart_cart_AUTO_01-cart_cart101_blue_paper_builder_594322c0_4727710b_99bef2ef.sh
?? cart_generated/cart_AUTO_01-cart_cart_AUTO_01-cart_cart_AUTO_01-cart_cart5100_quantum_bio_research_engine_567d978d_95b9ca39_5e5607a4.sh
?? cart_generated/cart_AUTO_01-cart_cart_AUTO_01-cart_cart_AUTO_01-cart_cartC17_susceptibility_checker_506187ea_bb76beeb_640420bb.sh
?? cart_generated/cart_AUTO_01-cart_cart_AUTO_01-cart_cart_AUTO_01-cart_cartC17_susceptibility_checker_506187ea_bb76beeb_ca32c0a1.sh
?? cart_generated/cart_AUTO_01-cart_cart_AUTO_01-cart_cart_AUTO_01-cart_cart_AUTO_01-cart_cart036_rf_generation_556c7af0_1b640100_97c57794_2205a5f5.sh
?? cart_generated/cart_AUTO_01-cart_cart_AUTO_01-cart_cart_AUTO_01-cart_cart_AUTO_01-cart_cart041_hydrogen_expansion_99a9d8de_9ed11a95_c85e4461_d235b3ef.sh
?? cart_generated/cart_AUTO_01-cart_cart_AUTO_01-cart_cart_AUTO_01-cart_cart_AUTO_01-cart_cart101_blue_paper_builder_594322c0_4727710b_99bef2ef_498cc0f7.sh
?? cart_generated/cart_AUTO_01-cart_cart_AUTO_01-cart_cart_AUTO_01-cart_cart_AUTO_01-cart_cart103_energy_research_27d083ec_d742cb0d_e03a6429_7bb56336.sh
?? cart_generated/cart_AUTO_01-cart_cart_AUTO_01-cart_cart_AUTO_01-cart_cart_AUTO_01-cart_cart_AUTO_01-cart_cart_AUTO_01-cart_cart101_deploy_papers_3ba66f95_541ac27c_4f0571f1_3cf529fe_e214a4e2_f48fe8e3.sh
?? cart_generated/cart_AUTO_01-cart_cart_AUTO_01-cart_cart_AUTO_01-cart_cart_AUTO_01-cart_cart_AUTO_01-cart_cart_fft_light_758d124d_28c11c54_33bed42a_4a4170ba_9f0872e5.sh
?? cart_generated/cart_AUTO_01-cart_cart_AUTO_01-cart_cart_AUTO_01-cart_cart_AUTO_01-cart_cart_AUTO_01-cart_cart_fft_light_758d124d_28c11c54_cb2a99a8_8ea981f9_ec86d398.sh
?? cart_generated/cart_AUTO_01-cart_cart_AUTO_01-cart_cart_AUTO_01-cart_cart_AUTO_01-cart_cart_AUTO_99-misc_run_4ae64289_ec79bfbd_9f666b66_e456325b_41d944c5.sh
?? cart_generated/cart_AUTO_01-cart_cart_AUTO_01-cart_cart_AUTO_01-cart_cart_AUTO_01-cart_cart_AUTO_99-misc_slow_push_from_home_f1d5d25a_6b228883_3add89dc_956c355f_38108e48.sh
?? cart_generated/cart_AUTO_01-cart_cart_AUTO_01-cart_cart_AUTO_01-cart_cart_AUTO_01-cart_cart_INFINITY_EXPRESSION_SELECTOR_6b3b5e66_9be2c1ba_b249db37_1b651f88.sh
?? cart_generated/cart_AUTO_01-cart_cart_AUTO_01-cart_cart_AUTO_01-cart_cart_AUTO_01-cart_cart_INFINITY_EXPRESSION_SELECTOR_6b3b5e66_9be2c1ba_b249db37_829fb71d.sh
?? cart_generated/cart_AUTO_01-cart_cart_AUTO_01-cart_cart_AUTO_01-cart_cart_AUTO_01-cart_cart_vectorizer_e54389b8_c1b351d8_b6ac773d_1fab2c66.sh
?? cart_generated/cart_AUTO_01-cart_cart_AUTO_01-cart_cart_AUTO_01-cart_cart_AUTO_99-misc_slow_push_from_home_f1d5d25a_6b228883_54c48c14_2e0e86f6.sh
?? cart_generated/cart_AUTO_01-cart_cart_AUTO_01-cart_cart_AUTO_01-cart_cart_AUTO_gizmos_sensor_hub_3a49ee55c7_cde8a941_496c427a_2893359d.sh
?? cart_generated/cart_AUTO_01-cart_cart_AUTO_01-cart_cart_AUTO_01-cart_cart_MONGOOSE_REPO_AUDITOR_48b277b2_66720503_378ddda5.sh
?? cart_generated/cart_AUTO_01-cart_cart_AUTO_01-cart_cart_AUTO_01-cart_cart_PCLA_full_public_dossier_EN_JP_1f07b935_49fe2b24_51c41f42.sh
?? cart_generated/cart_AUTO_01-cart_cart_AUTO_01-cart_cart_AUTO_01-cart_cart_WAKEUP_DASH_c0512435_0f696268_ea3b853d.sh
?? cart_generated/cart_AUTO_01-cart_cart_AUTO_01-cart_cart_AUTO_01-cart_cart_audit_trace_3ce896b8_4a007441_4644af6d.sh
?? cart_generated/cart_AUTO_01-cart_cart_AUTO_01-cart_cart_AUTO_01-cart_cart_confidence_ascii_8b153be0_fbbee24e_157f2837.sh
?? cart_generated/cart_AUTO_01-cart_cart_AUTO_01-cart_cart_AUTO_01-cart_cart_cross_fuse_7086cf7a_79f16113_e6a7469b.sh
?? cart_generated/cart_AUTO_01-cart_cart_AUTO_01-cart_cart_AUTO_01-cart_cart_fft_light_758d124d_28c11c54_4117bf92.sh
?? cart_generated/cart_AUTO_01-cart_cart_AUTO_01-cart_cart_AUTO_01-cart_cart_fork_router_512a2e96_827c38f3_b9a07e1e.sh
?? cart_generated/cart_AUTO_01-cart_cart_AUTO_01-cart_cart_AUTO_01-cart_cart_simulation_forge_bb73f579_61bb5036_6d81c6b0.sh
?? cart_generated/cart_AUTO_01-cart_cart_AUTO_01-cart_cart_AUTO_01-cart_cart_time_sync_e4be6653_aa67582d_4a9bf130.sh
?? cart_generated/cart_AUTO_01-cart_cart_AUTO_01-cart_cart_AUTO_01-cart_cart_validation_tests_bab47b72_35a24a30_52a78a27.sh
?? cart_generated/cart_AUTO_01-cart_cart_AUTO_01-cart_cart_AUTO_99-misc_run_4ae64289_ec79bfbd_8f6e1038.sh
?? cart_generated/cart_AUTO_01-cart_cart_AUTO_01-cart_cart_AUTO_99-misc_run_4ae64289_ec79bfbd_faaccbd9.sh
?? cart_generated/cart_AUTO_01-cart_cart_AUTO_01-cart_cart_AUTO_99-misc_slow_push_from_home_f1d5d25a_6b228883_38cc7695.sh
?? cart_generated/cart_AUTO_01-cart_cart_AUTO_01-cart_cart_AUTO_99-misc_slow_push_from_home_f1d5d25a_6b228883_54c48c14.sh
?? cart_generated/cart_AUTO_01-cart_cart_AUTO_01-cart_cart_AUTO_gadgets_timer_21bfbbdc9b_30cf7ac1_36364dbc.sh
?? cart_generated/cart_AUTO_01-cart_cart_AUTO_01-cart_cart_AUTO_gadgets_timer_21bfbbdc9b_410d77f6_8fd4711f.sh
?? cart_generated/cart_AUTO_01-cart_cart_AUTO_01-cart_cart_CART_BUILDER_b8189f51_2e8c3dcb.sh
?? cart_generated/cart_AUTO_01-cart_cart_AUTO_01-cart_cart_INFINITY_PLUS_INDEX_BUILDER_d0f27181_5ecec898.sh
?? cart_generated/cart_AUTO_01-cart_cart_AUTO_01-cart_cart_INFINITY_PLUS_INDEX_BUILDER_d0f27181_74a5d041.sh
?? cart_generated/cart_AUTO_01-cart_cart_AUTO_01-cart_cart_INFINITY_PLUS_INDEX_BUILDER_d0f27181_e25d03bc.sh
?? cart_generated/cart_AUTO_01-cart_cart_AUTO_01-cart_cart_INFINITY_PLUS_RESEARCH_a217243e_f1ab768b.sh
?? cart_generated/cart_AUTO_01-cart_cart_AUTO_01-cart_cart_INFINITY_SIGNED_EXPORT_PUSH_f2bac156_0a5277ad.sh
?? cart_generated/cart_AUTO_01-cart_cart_AUTO_01-cart_cart_PCLA_full_public_dossier_EN_JP_1f07b935_11d689cf.sh
?? cart_generated/cart_AUTO_01-cart_cart_AUTO_01-cart_cart_audit_signals_2e68c75f_99b93d5f.sh
?? cart_generated/cart_AUTO_01-cart_cart_AUTO_01-cart_cart_audit_signals_fd6199a6_dc1b99c9.sh
?? cart_generated/cart_AUTO_01-cart_cart_AUTO_01-cart_cart_decay_model_91e577c8_b4204fbe.sh
?? cart_generated/cart_AUTO_01-cart_cart_AUTO_01-cart_cart_decay_model_e78608b8_e78eaf01.sh
?? cart_generated/cart_AUTO_01-cart_cart_AUTO_01-cart_cart_export_timeline_csv_5819b060_f4ccfdbe.sh
?? cart_generated/cart_AUTO_01-cart_cart_AUTO_01-cart_cart_fft_audio_77672fc4_d85ba35b.sh
?? cart_generated/cart_AUTO_01-cart_cart_AUTO_01-cart_cart_hydrogen_infinity_writer_full_8d544bd3_7c4b4ab1.sh
?? cart_generated/cart_AUTO_01-cart_cart_AUTO_01-cart_cart_instrument_calibration_a37ac595_ab2f49ce.sh
?? cart_generated/cart_AUTO_01-cart_cart_AUTO_01-cart_cart_instrument_calibration_a37ac595_c880659e.sh
?? cart_generated/cart_AUTO_01-cart_cart_AUTO_01-cart_cart_ledger_append_291cb185_6e855abe.sh
?? cart_generated/cart_AUTO_01-cart_cart_AUTO_01-cart_cart_normalize_brains_c90af4e8_b6a65c3a.sh
?? cart_generated/cart_AUTO_01-cart_cart_AUTO_01-cart_cart_reflector_4a8894e5_c60da9f3.sh
?? cart_generated/cart_AUTO_01-cart_cart_AUTO_01-cart_cart_reinforce_ledger_227c3ff3_0bd3ccb0.sh
?? cart_generated/cart_AUTO_01-cart_cart_AUTO_01-cart_cart_user_controls_426b84c6_3a085e70.sh
?? cart_generated/cart_AUTO_01-cart_cart_AUTO_01-cart_cart_validation_tests_211c8021_2b2aef89.sh
?? cart_generated/cart_AUTO_01-cart_cart_AUTO_01-cart_cart_wrap_light_8fcfb8af_d168c9de.sh
?? cart_generated/cart_AUTO_01-cart_cart_AUTO_01-cart_run_cart_06469f7d_15a32abd.sh
?? cart_generated/cart_AUTO_01-cart_cart_AUTO_99-misc_create_infinity_brains_c89f2559_dcdd0a61.sh
?? cart_generated/cart_AUTO_01-cart_cart_AUTO_99-misc_infinity_research_fulltext_8dc72f2a_c99ab4e7.sh
?? cart_generated/cart_AUTO_01-cart_cart_AUTO_99-misc_push_chunk_4e482cd3_2b0ba97e.sh
?? cart_generated/cart_AUTO_01-cart_cart_AUTO_99-misc_research_feed_b98b0a84_c7cd3d42.sh
?? cart_generated/cart_AUTO_01-cart_cart_AUTO_99-misc_research_stream_43b5203e_24a49219.sh
?? cart_generated/cart_AUTO_01-cart_cart_AUTO_99-misc_rogers_backend_16ea85be_d0c82625.sh
?? cart_generated/cart_AUTO_01-cart_cart_AUTO_99-misc_run_infinity_43a59ee1_8342b6b6.sh
?? cart_generated/cart_AUTO_01-cart_cart_AUTO_gizmos_rfid_3af99353f1_90678c35.sh
?? cart_generated/cart_AUTO_01-cart_cart_INFINITY_CROSS_MODULE_MESSENGER_33a9d482.sh
?? cart_generated/cart_AUTO_01-cart_cart_INFINITY_PLUS_INDEX_BUILDER_939df856.sh
?? cart_generated/cart_AUTO_01-cart_cart_INFINITY_SCHEDULER_39086677.sh
?? cart_generated/cart_AUTO_01-cart_cart_cross_fuse_deb5d80f.sh
?? cart_generated/cart_AUTO_01-cart_cart_cymatic_proxy_fb061e32.sh
?? cart_generated/cart_AUTO_01-cart_cart_format_adapter_b7da30d2.sh
?? cart_generated/cart_AUTO_01-cart_cart_global_repo_census_08318b9f.sh
?? cart_generated/cart_AUTO_01-cart_cart_hydrogen_infinity_writer_full_1757be56.sh
?? cart_generated/cart_AUTO_01-cart_cart_narrator_a995e185.sh
?? cart_generated/cart_AUTO_01-cart_cart_noise_floor_10767cb8.sh
?? cart_generated/cart_AUTO_01-cart_cart_normalize_brains_b392d0ef.sh
?? cart_generated/cart_AUTO_01-cart_cart_normalize_names_4f0ed7ed.sh
?? cart_generated/cart_AUTO_01-cart_cart_privacy_filter_8446ea23.sh
?? cart_generated/cart_AUTO_01-cart_cart_quorum_check_4b4aa70a.sh
?? cart_generated/cart_AUTO_01-cart_cart_residual_equation_fc961766.sh
?? cart_generated/cart_AUTO_01-cart_cart_user_controls_3cad798f.sh
?? cart_generated/cart_AUTO_01-cart_cart_vectorizer_860c6489.sh
?? cart_generated/cart_AUTO_01-cart_cart_vectorizer_e1dd7d53.sh
?? cart_generated/cart_AUTO_01-cart_cart_write_infinity_research_436078b8.sh
?? cart_generated/cart_AUTO_02-js_cart_AUTO_02-js_cart_AUTO_02-js_cart_AUTO_02-js_websites-darabase_0156dd6e_7b739d18_651304b2_af25ccbf.sh
?? cart_generated/cart_AUTO_02-js_cart_AUTO_02-js_cart_AUTO_02-js_cart_export_graph_json_8d8744e0_c3b6dffd_95894f60.sh
?? cart_generated/cart_AUTO_02-js_cart_AUTO_02-js_cart_AUTO_02-js_runner_fe285256_38d19ab8_7a3b4657.sh
?? cart_generated/cart_AUTO_02-js_cart_AUTO_02-js_cart_AUTO_02-js_site_login_c1ca2bf3_adeaa2f6_d72758b0.sh
?? cart_generated/cart_AUTO_02-js_cart_AUTO_02-js_cart_AUTO_02-js_websites-darabase_0156dd6e_7b739d18_38cd5bbc.sh
?? cart_generated/cart_AUTO_02-js_cart_AUTO_02-js_cart_AUTO_02-js_websites-darabase_0156dd6e_7b739d18_651304b2.sh
?? cart_generated/cart_AUTO_02-js_cart_AUTO_02-js_cart_AUTO_02-js_websites-darabase_0156dd6e_7b739d18_fb0b301a.sh
?? cart_generated/cart_AUTO_02-js_cart_AUTO_02-js_cart_export_graph_json_8d8744e0_c3b6dffd.sh
?? cart_generated/cart_AUTO_02-js_cart_AUTO_02-js_infinity_night_reactor_52a7382b_525310e0.sh
?? cart_generated/cart_AUTO_02-js_cart_AUTO_02-js_infinity_night_reactor_52a7382b_eb26472b.sh
?? cart_generated/cart_AUTO_02-js_cart_AUTO_02-js_module_bridge_9c1299df_716d31b3.sh
?? cart_generated/cart_AUTO_02-js_cart_AUTO_02-js_runner_fe285256_38d19ab8.sh
?? cart_generated/cart_AUTO_02-js_dashboard_193f4e19.sh
?? cart_generated/cart_AUTO_02-js_reader_14ce3e6d.sh
?? cart_generated/cart_AUTO_04-index_cart_AUTO_04-index_cart_timeline_index_cbad89c0_1300fca9.sh
?? cart_generated/cart_AUTO_04-index_cart_index_d3823bf7.sh
?? cart_generated/cart_AUTO_99-misc_brain_repo_doctor_c0b74fcf.sh
?? cart_generated/cart_AUTO_99-misc_infinity_push_terms_2454855c.sh
?? cart_generated/cart_AUTO_99-misc_infinity_push_terms_b7e6dd8f.sh
?? cart_generated/cart_AUTO_99-misc_infinity_research_fulltext_1cec5d9a.sh
?? cart_generated/cart_AUTO_99-misc_research_stream_06723434.sh
?? cart_generated/cart_AUTO_99-misc_run_all_500bae58.sh
?? cart_generated/cart_AUTO_99-misc_run_all_89c2462c.sh
?? cart_generated/cart_AUTO_99-misc_test_logging_7b91bf23.sh
?? cart_generated/cart_AUTO_99-misc_token_push_single_4d3da32e.sh
?? cart_generated/cart_AUTO_99-misc_tweet_queue_7a502f31.sh

[∞] AUTO mode detected — skipping confirmation
[main 821b6732] Infinity auto commit 2025-12-16 07:47:44
 159 files changed, 1110 insertions(+), 4 deletions(-)
 create mode 100755 cart_generated/cart_AUTO_01-cart_cart012_solutes_020f402b.sh
 create mode 100755 cart_generated/cart_AUTO_01-cart_cart020_unzip_install_strategy_86b54c8a.sh
 create mode 100755 cart_generated/cart_AUTO_01-cart_cart023_idea_merger_f96aad87.sh
 create mode 100755 cart_generated/cart_AUTO_01-cart_cart031_exoskeleton_20d7b3a1.sh
 create mode 100755 cart_generated/cart_AUTO_01-cart_cart031_exoskeleton_5eba8e3b.sh
 create mode 100755 cart_generated/cart_AUTO_01-cart_cart034_drones_dd6eef77.sh
 create mode 100755 cart_generated/cart_AUTO_01-cart_cart401_mongoose_logic_engine_09a377c6.sh
 create mode 100755 cart_generated/cart_AUTO_01-cart_cart900_infinity_research_rig_b5505957.sh
 create mode 100755 cart_generated/cart_AUTO_01-cart_cartC01_coulombs_law_e1992619.sh
 create mode 100755 cart_generated/cart_AUTO_01-cart_cartC09_biot_savart_wire_5903b309.sh
 create mode 100755 cart_generated/cart_AUTO_01-cart_cartC15_fire_alarm_integration_2d474405.sh
 create mode 100755 cart_generated/cart_AUTO_01-cart_cartC24_wave_converter_080adf81.sh
 create mode 100755 cart_generated/cart_AUTO_01-cart_cartC26_hall_effect_voltage_8e10ace4.sh
 create mode 100755 cart_generated/cart_AUTO_01-cart_cartC26_hall_effect_voltage_c81091cb.sh
 create mode 100755 cart_generated/cart_AUTO_01-cart_cartX_COMPOSITE_field_regime_analyzer_55c87cb9.sh
 create mode 100755 cart_generated/cart_AUTO_01-cart_cart_AUTO_01-cart_cart001A_infinity_runcommands_fb4335c6_983d95f6.sh
 create mode 100755 cart_generated/cart_AUTO_01-cart_cart_AUTO_01-cart_cart002_engineering_5335b532_81925324.sh
 create mode 100755 cart_generated/cart_AUTO_01-cart_cart_AUTO_01-cart_cart011_speakeasy_1e7aa5e1_2caa0190.sh
 create mode 100755 cart_generated/cart_AUTO_01-cart_cart_AUTO_01-cart_cart025_ai_watcher_login_20e2ab1c_fc2fb9f9.sh
 create mode 100755 cart_generated/cart_AUTO_01-cart_cart_AUTO_01-cart_cart026_aluminum_oxide_devices_3e550031_f46b7042.sh
 create mode 100755 cart_generated/cart_AUTO_01-cart_cart_AUTO_01-cart_cart031_exoskeleton_20d7b3a1_7bf391d3.sh
 create mode 100755 cart_generated/cart_AUTO_01-cart_cart_AUTO_01-cart_cart036_rf_generation_db3a6a9c_3be4a206.sh
 create mode 100755 cart_generated/cart_AUTO_01-cart_cart_AUTO_01-cart_cart041_hydrogen_expansion_99a9d8de_6549a63d.sh
 create mode 100755 cart_generated/cart_AUTO_01-cart_cart_AUTO_01-cart_cart041_hydrogen_expansion_9fad7776_fee87a13.sh
 create mode 100755 cart_generated/cart_AUTO_01-cart_cart_AUTO_01-cart_cart103_energy_research_0132edf8_81a36908.sh
 create mode 100755 cart_generated/cart_AUTO_01-cart_cart_AUTO_01-cart_cart104_academic_research_c66fa10f_df2b268c.sh
 create mode 100755 cart_generated/cart_AUTO_01-cart_cart_AUTO_01-cart_cart5100_quantum_bio_research_engine_567d978d_c8a61983.sh
 create mode 100755 cart_generated/cart_AUTO_01-cart_cart_AUTO_01-cart_cartC03_potential_energy_b087bd3f_abe2a4ca.sh
 create mode 100755 cart_generated/cart_AUTO_01-cart_cart_AUTO_01-cart_cartC09_biot_savart_wire_0597b7a5_54f2e8ea.sh
 create mode 100755 cart_generated/cart_AUTO_01-cart_cart_AUTO_01-cart_cartC15_fire_alarm_integration_2d474405_95cbb67b.sh
 create mode 100755 cart_generated/cart_AUTO_01-cart_cart_AUTO_01-cart_cartC17_susceptibility_checker_506187ea_5f9ea00a.sh
 create mode 100755 cart_generated/cart_AUTO_01-cart_cart_AUTO_01-cart_cartC17_susceptibility_checker_506187ea_c5aa33e7.sh
 create mode 100755 cart_generated/cart_AUTO_01-cart_cart_AUTO_01-cart_cartX_COMPOSITE_field_regime_analyzer_776c6ec2_2dba8cc7.sh
 create mode 100755 cart_generated/cart_AUTO_01-cart_cart_AUTO_01-cart_cartX_COMPOSITE_material_response_classifier_0e0832a2_1cd0138b.sh
 create mode 100755 cart_generated/cart_AUTO_01-cart_cart_AUTO_01-cart_cartX_COMPOSITE_material_response_classifier_620aad35_ffc7b7ca.sh
 create mode 100755 cart_generated/cart_AUTO_01-cart_cart_AUTO_01-cart_cart_AUTO_01-cart_cart036_rf_generation_1bd4208e_bdb1f6bc_2408b9f5.sh
 create mode 100755 cart_generated/cart_AUTO_01-cart_cart_AUTO_01-cart_cart_AUTO_01-cart_cart036_rf_generation_556c7af0_89e8b7d4_78be89af.sh
 create mode 100755 cart_generated/cart_AUTO_01-cart_cart_AUTO_01-cart_cart_AUTO_01-cart_cart036_rf_generation_db3a6a9c_b14d2a8a_e5dbffcd.sh
 create mode 100755 cart_generated/cart_AUTO_01-cart_cart_AUTO_01-cart_cart_AUTO_01-cart_cart101_blue_paper_builder_594322c0_4727710b_99bef2ef.sh
 create mode 100755 cart_generated/cart_AUTO_01-cart_cart_AUTO_01-cart_cart_AUTO_01-cart_cart5100_quantum_bio_research_engine_567d978d_95b9ca39_5e5607a4.sh
 create mode 100755 cart_generated/cart_AUTO_01-cart_cart_AUTO_01-cart_cart_AUTO_01-cart_cartC17_susceptibility_checker_506187ea_bb76beeb_640420bb.sh
 create mode 100755 cart_generated/cart_AUTO_01-cart_cart_AUTO_01-cart_cart_AUTO_01-cart_cartC17_susceptibility_checker_506187ea_bb76beeb_ca32c0a1.sh
 create mode 100755 cart_generated/cart_AUTO_01-cart_cart_AUTO_01-cart_cart_AUTO_01-cart_cart_AUTO_01-cart_cart036_rf_generation_556c7af0_1b640100_97c57794_2205a5f5.sh
 create mode 100755 cart_generated/cart_AUTO_01-cart_cart_AUTO_01-cart_cart_AUTO_01-cart_cart_AUTO_01-cart_cart041_hydrogen_expansion_99a9d8de_9ed11a95_c85e4461_d235b3ef.sh
 create mode 100755 cart_generated/cart_AUTO_01-cart_cart_AUTO_01-cart_cart_AUTO_01-cart_cart_AUTO_01-cart_cart101_blue_paper_builder_594322c0_4727710b_99bef2ef_498cc0f7.sh
 create mode 100755 cart_generated/cart_AUTO_01-cart_cart_AUTO_01-cart_cart_AUTO_01-cart_cart_AUTO_01-cart_cart103_energy_research_27d083ec_d742cb0d_e03a6429_7bb56336.sh
 create mode 100755 cart_generated/cart_AUTO_01-cart_cart_AUTO_01-cart_cart_AUTO_01-cart_cart_AUTO_01-cart_cart_AUTO_01-cart_cart_AUTO_01-cart_cart101_deploy_papers_3ba66f95_541ac27c_4f0571f1_3cf529fe_e214a4e2_f48fe8e3.sh
 create mode 100755 cart_generated/cart_AUTO_01-cart_cart_AUTO_01-cart_cart_AUTO_01-cart_cart_AUTO_01-cart_cart_AUTO_01-cart_cart_fft_light_758d124d_28c11c54_33bed42a_4a4170ba_9f0872e5.sh
 create mode 100755 cart_generated/cart_AUTO_01-cart_cart_AUTO_01-cart_cart_AUTO_01-cart_cart_AUTO_01-cart_cart_AUTO_01-cart_cart_fft_light_758d124d_28c11c54_cb2a99a8_8ea981f9_ec86d398.sh
 create mode 100755 cart_generated/cart_AUTO_01-cart_cart_AUTO_01-cart_cart_AUTO_01-cart_cart_AUTO_01-cart_cart_AUTO_99-misc_run_4ae64289_ec79bfbd_9f666b66_e456325b_41d944c5.sh
 create mode 100755 cart_generated/cart_AUTO_01-cart_cart_AUTO_01-cart_cart_AUTO_01-cart_cart_AUTO_01-cart_cart_AUTO_99-misc_slow_push_from_home_f1d5d25a_6b228883_3add89dc_956c355f_38108e48.sh
 create mode 100755 cart_generated/cart_AUTO_01-cart_cart_AUTO_01-cart_cart_AUTO_01-cart_cart_AUTO_01-cart_cart_INFINITY_EXPRESSION_SELECTOR_6b3b5e66_9be2c1ba_b249db37_1b651f88.sh
 create mode 100755 cart_generated/cart_AUTO_01-cart_cart_AUTO_01-cart_cart_AUTO_01-cart_cart_AUTO_01-cart_cart_INFINITY_EXPRESSION_SELECTOR_6b3b5e66_9be2c1ba_b249db37_829fb71d.sh
 create mode 100755 cart_generated/cart_AUTO_01-cart_cart_AUTO_01-cart_cart_AUTO_01-cart_cart_AUTO_01-cart_cart_vectorizer_e54389b8_c1b351d8_b6ac773d_1fab2c66.sh
 create mode 100755 cart_generated/cart_AUTO_01-cart_cart_AUTO_01-cart_cart_AUTO_01-cart_cart_AUTO_99-misc_slow_push_from_home_f1d5d25a_6b228883_54c48c14_2e0e86f6.sh
 create mode 100755 cart_generated/cart_AUTO_01-cart_cart_AUTO_01-cart_cart_AUTO_01-cart_cart_AUTO_gizmos_sensor_hub_3a49ee55c7_cde8a941_496c427a_2893359d.sh
 create mode 100755 cart_generated/cart_AUTO_01-cart_cart_AUTO_01-cart_cart_AUTO_01-cart_cart_MONGOOSE_REPO_AUDITOR_48b277b2_66720503_378ddda5.sh
 create mode 100755 cart_generated/cart_AUTO_01-cart_cart_AUTO_01-cart_cart_AUTO_01-cart_cart_PCLA_full_public_dossier_EN_JP_1f07b935_49fe2b24_51c41f42.sh
 create mode 100755 cart_generated/cart_AUTO_01-cart_cart_AUTO_01-cart_cart_AUTO_01-cart_cart_WAKEUP_DASH_c0512435_0f696268_ea3b853d.sh
 create mode 100755 cart_generated/cart_AUTO_01-cart_cart_AUTO_01-cart_cart_AUTO_01-cart_cart_audit_trace_3ce896b8_4a007441_4644af6d.sh
 create mode 100755 cart_generated/cart_AUTO_01-cart_cart_AUTO_01-cart_cart_AUTO_01-cart_cart_confidence_ascii_8b153be0_fbbee24e_157f2837.sh
 create mode 100755 cart_generated/cart_AUTO_01-cart_cart_AUTO_01-cart_cart_AUTO_01-cart_cart_cross_fuse_7086cf7a_79f16113_e6a7469b.sh
 create mode 100755 cart_generated/cart_AUTO_01-cart_cart_AUTO_01-cart_cart_AUTO_01-cart_cart_fft_light_758d124d_28c11c54_4117bf92.sh
 create mode 100755 cart_generated/cart_AUTO_01-cart_cart_AUTO_01-cart_cart_AUTO_01-cart_cart_fork_router_512a2e96_827c38f3_b9a07e1e.sh
 create mode 100755 cart_generated/cart_AUTO_01-cart_cart_AUTO_01-cart_cart_AUTO_01-cart_cart_simulation_forge_bb73f579_61bb5036_6d81c6b0.sh
 create mode 100755 cart_generated/cart_AUTO_01-cart_cart_AUTO_01-cart_cart_AUTO_01-cart_cart_time_sync_e4be6653_aa67582d_4a9bf130.sh
 create mode 100755 cart_generated/cart_AUTO_01-cart_cart_AUTO_01-cart_cart_AUTO_01-cart_cart_validation_tests_bab47b72_35a24a30_52a78a27.sh
 create mode 100755 cart_generated/cart_AUTO_01-cart_cart_AUTO_01-cart_cart_AUTO_99-misc_run_4ae64289_ec79bfbd_8f6e1038.sh
 create mode 100755 cart_generated/cart_AUTO_01-cart_cart_AUTO_01-cart_cart_AUTO_99-misc_run_4ae64289_ec79bfbd_faaccbd9.sh
 create mode 100755 cart_generated/cart_AUTO_01-cart_cart_AUTO_01-cart_cart_AUTO_99-misc_slow_push_from_home_f1d5d25a_6b228883_38cc7695.sh
 create mode 100755 cart_generated/cart_AUTO_01-cart_cart_AUTO_01-cart_cart_AUTO_99-misc_slow_push_from_home_f1d5d25a_6b228883_54c48c14.sh
 create mode 100755 cart_generated/cart_AUTO_01-cart_cart_AUTO_01-cart_cart_AUTO_gadgets_timer_21bfbbdc9b_30cf7ac1_36364dbc.sh
 create mode 100755 cart_generated/cart_AUTO_01-cart_cart_AUTO_01-cart_cart_AUTO_gadgets_timer_21bfbbdc9b_410d77f6_8fd4711f.sh
 create mode 100755 cart_generated/cart_AUTO_01-cart_cart_AUTO_01-cart_cart_CART_BUILDER_b8189f51_2e8c3dcb.sh
 create mode 100755 cart_generated/cart_AUTO_01-cart_cart_AUTO_01-cart_cart_INFINITY_PLUS_INDEX_BUILDER_d0f27181_5ecec898.sh
 create mode 100755 cart_generated/cart_AUTO_01-cart_cart_AUTO_01-cart_cart_INFINITY_PLUS_INDEX_BUILDER_d0f27181_74a5d041.sh
 create mode 100755 cart_generated/cart_AUTO_01-cart_cart_AUTO_01-cart_cart_INFINITY_PLUS_INDEX_BUILDER_d0f27181_e25d03bc.sh
 create mode 100755 cart_generated/cart_AUTO_01-cart_cart_AUTO_01-cart_cart_INFINITY_PLUS_RESEARCH_a217243e_f1ab768b.sh
 create mode 100755 cart_generated/cart_AUTO_01-cart_cart_AUTO_01-cart_cart_INFINITY_SIGNED_EXPORT_PUSH_f2bac156_0a5277ad.sh
 create mode 100755 cart_generated/cart_AUTO_01-cart_cart_AUTO_01-cart_cart_PCLA_full_public_dossier_EN_JP_1f07b935_11d689cf.sh
 create mode 100755 cart_generated/cart_AUTO_01-cart_cart_AUTO_01-cart_cart_audit_signals_2e68c75f_99b93d5f.sh
 create mode 100755 cart_generated/cart_AUTO_01-cart_cart_AUTO_01-cart_cart_audit_signals_fd6199a6_dc1b99c9.sh
 create mode 100755 cart_generated/cart_AUTO_01-cart_cart_AUTO_01-cart_cart_decay_model_91e577c8_b4204fbe.sh
 create mode 100755 cart_generated/cart_AUTO_01-cart_cart_AUTO_01-cart_cart_decay_model_e78608b8_e78eaf01.sh
 create mode 100755 cart_generated/cart_AUTO_01-cart_cart_AUTO_01-cart_cart_export_timeline_csv_5819b060_f4ccfdbe.sh
 create mode 100755 cart_generated/cart_AUTO_01-cart_cart_AUTO_01-cart_cart_fft_audio_77672fc4_d85ba35b.sh
 create mode 100755 cart_generated/cart_AUTO_01-cart_cart_AUTO_01-cart_cart_hydrogen_infinity_writer_full_8d544bd3_7c4b4ab1.sh
 create mode 100755 cart_generated/cart_AUTO_01-cart_cart_AUTO_01-cart_cart_instrument_calibration_a37ac595_ab2f49ce.sh
 create mode 100755 cart_generated/cart_AUTO_01-cart_cart_AUTO_01-cart_cart_instrument_calibration_a37ac595_c880659e.sh
 create mode 100755 cart_generated/cart_AUTO_01-cart_cart_AUTO_01-cart_cart_ledger_append_291cb185_6e855abe.sh
 create mode 100755 cart_generated/cart_AUTO_01-cart_cart_AUTO_01-cart_cart_normalize_brains_c90af4e8_b6a65c3a.sh
 create mode 100755 cart_generated/cart_AUTO_01-cart_cart_AUTO_01-cart_cart_reflector_4a8894e5_c60da9f3.sh
 create mode 100755 cart_generated/cart_AUTO_01-cart_cart_AUTO_01-cart_cart_reinforce_ledger_227c3ff3_0bd3ccb0.sh
 create mode 100755 cart_generated/cart_AUTO_01-cart_cart_AUTO_01-cart_cart_user_controls_426b84c6_3a085e70.sh
 create mode 100755 cart_generated/cart_AUTO_01-cart_cart_AUTO_01-cart_cart_validation_tests_211c8021_2b2aef89.sh
 create mode 100755 cart_generated/cart_AUTO_01-cart_cart_AUTO_01-cart_cart_wrap_light_8fcfb8af_d168c9de.sh
 create mode 100755 cart_generated/cart_AUTO_01-cart_cart_AUTO_01-cart_run_cart_06469f7d_15a32abd.sh
 create mode 100755 cart_generated/cart_AUTO_01-cart_cart_AUTO_99-misc_create_infinity_brains_c89f2559_dcdd0a61.sh
 create mode 100755 cart_generated/cart_AUTO_01-cart_cart_AUTO_99-misc_infinity_research_fulltext_8dc72f2a_c99ab4e7.sh
 create mode 100755 cart_generated/cart_AUTO_01-cart_cart_AUTO_99-misc_push_chunk_4e482cd3_2b0ba97e.sh
 create mode 100755 cart_generated/cart_AUTO_01-cart_cart_AUTO_99-misc_research_feed_b98b0a84_c7cd3d42.sh
 create mode 100755 cart_generated/cart_AUTO_01-cart_cart_AUTO_99-misc_research_stream_43b5203e_24a49219.sh
 create mode 100755 cart_generated/cart_AUTO_01-cart_cart_AUTO_99-misc_rogers_backend_16ea85be_d0c82625.sh
 create mode 100755 cart_generated/cart_AUTO_01-cart_cart_AUTO_99-misc_run_infinity_43a59ee1_8342b6b6.sh
 create mode 100755 cart_generated/cart_AUTO_01-cart_cart_AUTO_gizmos_rfid_3af99353f1_90678c35.sh
 create mode 100755 cart_generated/cart_AUTO_01-cart_cart_INFINITY_CROSS_MODULE_MESSENGER_33a9d482.sh
 create mode 100755 cart_generated/cart_AUTO_01-cart_cart_INFINITY_PLUS_INDEX_BUILDER_939df856.sh
 create mode 100755 cart_generated/cart_AUTO_01-cart_cart_INFINITY_SCHEDULER_39086677.sh
 create mode 100755 cart_generated/cart_AUTO_01-cart_cart_cross_fuse_deb5d80f.sh
 create mode 100755 cart_generated/cart_AUTO_01-cart_cart_cymatic_proxy_fb061e32.sh
 create mode 100755 cart_generated/cart_AUTO_01-cart_cart_format_adapter_42060579.sh
 create mode 100755 cart_generated/cart_AUTO_01-cart_cart_format_adapter_b7da30d2.sh
 create mode 100755 cart_generated/cart_AUTO_01-cart_cart_global_repo_census_08318b9f.sh
 create mode 100755 cart_generated/cart_AUTO_01-cart_cart_hydrogen_infinity_writer_full_1757be56.sh
 create mode 100755 cart_generated/cart_AUTO_01-cart_cart_narrator_a995e185.sh
 create mode 100755 cart_generated/cart_AUTO_01-cart_cart_noise_floor_10767cb8.sh
 create mode 100755 cart_generated/cart_AUTO_01-cart_cart_normalize_brains_b392d0ef.sh
 create mode 100755 cart_generated/cart_AUTO_01-cart_cart_normalize_names_4f0ed7ed.sh
 create mode 100755 cart_generated/cart_AUTO_01-cart_cart_privacy_filter_8446ea23.sh
 create mode 100755 cart_generated/cart_AUTO_01-cart_cart_quorum_audit_b10ec6cb.sh
 create mode 100755 cart_generated/cart_AUTO_01-cart_cart_quorum_check_4b4aa70a.sh
 create mode 100755 cart_generated/cart_AUTO_01-cart_cart_residual_equation_fc961766.sh
 create mode 100755 cart_generated/cart_AUTO_01-cart_cart_user_controls_3cad798f.sh
 create mode 100755 cart_generated/cart_AUTO_01-cart_cart_vectorizer_860c6489.sh
 create mode 100755 cart_generated/cart_AUTO_01-cart_cart_vectorizer_e1dd7d53.sh
 create mode 100755 cart_generated/cart_AUTO_01-cart_cart_write_infinity_research_436078b8.sh
 create mode 100755 cart_generated/cart_AUTO_02-js_cart_AUTO_02-js_cart_AUTO_02-js_cart_AUTO_02-js_websites-darabase_0156dd6e_7b739d18_651304b2_af25ccbf.sh
 create mode 100755 cart_generated/cart_AUTO_02-js_cart_AUTO_02-js_cart_AUTO_02-js_cart_export_graph_json_8d8744e0_c3b6dffd_95894f60.sh
 create mode 100755 cart_generated/cart_AUTO_02-js_cart_AUTO_02-js_cart_AUTO_02-js_runner_fe285256_38d19ab8_7a3b4657.sh
 create mode 100755 cart_generated/cart_AUTO_02-js_cart_AUTO_02-js_cart_AUTO_02-js_site_login_c1ca2bf3_adeaa2f6_d72758b0.sh
 create mode 100755 cart_generated/cart_AUTO_02-js_cart_AUTO_02-js_cart_AUTO_02-js_websites-darabase_0156dd6e_7b739d18_38cd5bbc.sh
 create mode 100755 cart_generated/cart_AUTO_02-js_cart_AUTO_02-js_cart_AUTO_02-js_websites-darabase_0156dd6e_7b739d18_651304b2.sh
 create mode 100755 cart_generated/cart_AUTO_02-js_cart_AUTO_02-js_cart_AUTO_02-js_websites-darabase_0156dd6e_7b739d18_fb0b301a.sh
 create mode 100755 cart_generated/cart_AUTO_02-js_cart_AUTO_02-js_cart_export_graph_json_8d8744e0_c3b6dffd.sh
 create mode 100755 cart_generated/cart_AUTO_02-js_cart_AUTO_02-js_infinity_night_reactor_52a7382b_525310e0.sh
 create mode 100755 cart_generated/cart_AUTO_02-js_cart_AUTO_02-js_infinity_night_reactor_52a7382b_eb26472b.sh
 create mode 100755 cart_generated/cart_AUTO_02-js_cart_AUTO_02-js_module_bridge_9c1299df_716d31b3.sh
 create mode 100755 cart_generated/cart_AUTO_02-js_cart_AUTO_02-js_runner_fe285256_38d19ab8.sh
 create mode 100755 cart_generated/cart_AUTO_02-js_dashboard_193f4e19.sh
 create mode 100755 cart_generated/cart_AUTO_02-js_reader_14ce3e6d.sh
 create mode 100755 cart_generated/cart_AUTO_04-index_cart_AUTO_04-index_cart_timeline_index_cbad89c0_1300fca9.sh
 create mode 100755 cart_generated/cart_AUTO_04-index_cart_index_d3823bf7.sh
 create mode 100755 cart_generated/cart_AUTO_99-misc_brain_repo_doctor_c0b74fcf.sh
 create mode 100755 cart_generated/cart_AUTO_99-misc_infinity_push_terms_2454855c.sh
 create mode 100755 cart_generated/cart_AUTO_99-misc_infinity_push_terms_b7e6dd8f.sh
 create mode 100755 cart_generated/cart_AUTO_99-misc_infinity_research_fulltext_1cec5d9a.sh
 create mode 100755 cart_generated/cart_AUTO_99-misc_research_stream_06723434.sh
 create mode 100755 cart_generated/cart_AUTO_99-misc_run_all_500bae58.sh
 create mode 100755 cart_generated/cart_AUTO_99-misc_run_all_89c2462c.sh
 create mode 100755 cart_generated/cart_AUTO_99-misc_test_logging_7b91bf23.sh
 create mode 100755 cart_generated/cart_AUTO_99-misc_token_push_single_4d3da32e.sh
 create mode 100755 cart_generated/cart_AUTO_99-misc_tweet_queue_7a502f31.sh
Uploading LFS objects: 100% (2/2), 123 KB | 0 B/s, done.
To https://github.com/pewpi-infinity/mongoose.os.git
   a76fd7c6..821b6732  main -> main
[✓] Safe Push complete
[∞] Sleeping… 05:00
[∞] Sleeping… 04:30
[∞] Sleeping… 04:00
[∞] Sleeping… 03:30
