[2025-12-12T07:53:54Z] Starting pipeline run
/data/data/com.termux/files/home/mongoose.os/./cart_INFINITY_PIPELINE_ORCHESTRATOR.py:36: DeprecationWarning: datetime.datetime.utcnow() is deprecated and scheduled for removal in a future version. Use timezone-aware objects to represent datetimes in UTC: datetime.datetime.now(datetime.UTC).
  timestamp = datetime.datetime.utcnow().isoformat()
/data/data/com.termux/files/home/mongoose.os/./cart_INFINITY_PLUS_RESEARCH.py:28: DeprecationWarning: datetime.datetime.utcnow() is deprecated and scheduled for removal in a future version. Use timezone-aware objects to represent datetimes in UTC: datetime.datetime.now(datetime.UTC).
  NOW = datetime.datetime.utcnow().isoformat()

[∞] Infinity+ Research Writer
[∞] Term: hydrogen
[∞] Time: 2025-12-12T07:53:59.516858

[∞] Contacting arXiv...
[∞] Research stored:
    infinity_storage/research/2025/12/arxiv_79b09a797ca0.txt

[∞] Token minted:
    infinity_storage/tokens/2025/12/INF-79B09A797CA0.json

[∞] Infinity+ cycle complete

/data/data/com.termux/files/home/mongoose.os/./cart_INFINITY_PLUS_INDEX_BUILDER.py:14: DeprecationWarning: datetime.datetime.utcnow() is deprecated and scheduled for removal in a future version. Use timezone-aware objects to represent datetimes in UTC: datetime.datetime.now(datetime.UTC).
  now = datetime.datetime.utcnow().isoformat()

[∞] Token index built
[∞] Tokens indexed: 2
[∞] Index file: infinity_storage/index/token_index.json

/data/data/com.termux/files/home/mongoose.os/./cart_INFINITY_PLUS_LINK_TREE.py:13: DeprecationWarning: datetime.datetime.utcnow() is deprecated and scheduled for removal in a future version. Use timezone-aware objects to represent datetimes in UTC: datetime.datetime.now(datetime.UTC).
  now = datetime.datetime.utcnow().isoformat()

[∞] Link Tree built
[∞] Tokens processed: 2
[∞] Output: infinity_storage/index/link_index.json

/data/data/com.termux/files/home/mongoose.os/./cart_INFINITY_PLUS_VALUE_ACCUMULATOR.py:13: DeprecationWarning: datetime.datetime.utcnow() is deprecated and scheduled for removal in a future version. Use timezone-aware objects to represent datetimes in UTC: datetime.datetime.now(datetime.UTC).
  now = datetime.datetime.utcnow().isoformat()

[∞] Value Accumulator complete
[∞] Tokens evaluated: 2
[∞] Output: infinity_storage/index/value_index.json

[2025-12-12T07:53:56.547822] Infinity Pipeline Orchestrator started
[2025-12-12T07:53:56.554337] Running: Research Writer
[2025-12-12T07:54:00.327672] Completed: Research Writer
[2025-12-12T07:54:00.328783] Running: Token Index Builder
[2025-12-12T07:54:00.664236] Completed: Token Index Builder
[2025-12-12T07:54:00.664930] Running: Link Tree Builder
[2025-12-12T07:54:00.995732] Completed: Link Tree Builder
[2025-12-12T07:54:00.996915] Running: Value Accumulator
[2025-12-12T07:54:01.294372] Completed: Value Accumulator
[2025-12-12T07:54:01.294857] Infinity Pipeline Orchestrator complete
[2025-12-12T07:53:54Z] Pipeline completed successfully
