[08:31:16] Repo Walker ONLINE @ http://127.0.0.1:7070
[08:31:58] Walker started
[08:32:00] Found 207 repos
[08:32:00] Entering o_backup
[08:32:01] Sanitized 3 carts → infinity-sandbox-1765895520
[08:32:02] Entering v
[08:32:04] Sanitized 2 carts → infinity-sandbox-1765895522
[08:32:05] Entering z
[08:32:08] Sanitized 2 carts → infinity-sandbox-1765895525
[08:32:09] Entering cpuminer-opt
[08:32:10] Sanitized 0 carts → infinity-sandbox-1765895529
[08:32:11] Entering mongoose.os
[08:32:15] Sanitized 164 carts → infinity-sandbox-1765895531
[08:32:16] Entering infinity-seed-002
[08:32:17] Sanitized 1 carts → infinity-sandbox-1765895536
[08:32:18] Entering infinity-seed-003
[08:32:18] Sanitized 1 carts → infinity-sandbox-1765895538
[08:32:19] Entering infinity-seed-004
[08:32:19] Sanitized 1 carts → infinity-sandbox-1765895539
[08:32:20] Entering infinity-seed-005
[08:32:27] Sanitized 1 carts → infinity-sandbox-1765895540
[08:32:28] Entering infinity-seed-006
[08:32:28] Sanitized 1 carts → infinity-sandbox-1765895548
[08:32:29] Entering infinity-seed-007
[08:32:29] Sanitized 1 carts → infinity-sandbox-1765895549
[08:32:30] Entering infinity-seed-008
[08:32:30] Sanitized 1 carts → infinity-sandbox-1765895550
[08:32:31] Entering infinity-seed-009
[08:32:31] Sanitized 1 carts → infinity-sandbox-1765895551
[08:32:32] Entering infinity-seed-010
[08:32:32] Sanitized 1 carts → infinity-sandbox-1765895552
[08:32:33] Entering infinity-seed-011
[08:32:34] Sanitized 1 carts → infinity-sandbox-1765895553
[08:32:35] Entering infinity-seed-012
[08:32:35] Sanitized 1 carts → infinity-sandbox-1765895555
[08:32:36] Entering infinity-seed-013
[08:32:36] Sanitized 1 carts → infinity-sandbox-1765895556
[08:32:37] Entering infinity-seed-014
[08:32:37] Sanitized 1 carts → infinity-sandbox-1765895557
[08:32:38] Entering infinity-seed-015
[08:32:38] Sanitized 1 carts → infinity-sandbox-1765895558
[08:32:39] Entering infinity-seed-016
[08:32:39] Sanitized 1 carts → infinity-sandbox-1765895559
[08:32:40] Entering infinity-seed-017
[08:32:40] Sanitized 1 carts → infinity-sandbox-1765895560
[08:32:41] Entering infinity-seed-018
[08:32:41] Sanitized 1 carts → infinity-sandbox-1765895561
[08:32:42] Entering infinity-seed-019
[08:32:42] Sanitized 1 carts → infinity-sandbox-1765895562
[08:32:43] Entering infinity-seed-020
[08:32:43] Sanitized 1 carts → infinity-sandbox-1765895563
[08:32:44] Entering infinity-seed-021
[08:32:44] Sanitized 1 carts → infinity-sandbox-1765895564
[08:32:45] Entering infinity-seed-022
[08:32:45] Sanitized 1 carts → infinity-sandbox-1765895565
[08:32:46] Entering infinity-seed-023
[08:32:46] Sanitized 1 carts → infinity-sandbox-1765895566
[08:32:47] Entering infinity-seed-024
[08:32:47] Sanitized 1 carts → infinity-sandbox-1765895567
[08:32:48] Entering infinity-seed-025
[08:32:48] Sanitized 1 carts → infinity-sandbox-1765895568
[08:32:49] Entering infinity-seed-026
[08:32:49] Sanitized 1 carts → infinity-sandbox-1765895569
[08:32:50] Entering infinity-seed-027
[08:32:50] Sanitized 1 carts → infinity-sandbox-1765895570
[08:32:51] Entering infinity-seed-028
[08:32:51] Sanitized 1 carts → infinity-sandbox-1765895571
[08:32:52] Entering infinity-seed-029
[08:32:52] Sanitized 1 carts → infinity-sandbox-1765895572
[08:32:53] Entering infinity-seed-030
[08:32:53] Sanitized 1 carts → infinity-sandbox-1765895573
[08:32:54] Entering infinity-seed-031
[08:32:55] Sanitized 1 carts → infinity-sandbox-1765895574
[08:32:56] Entering infinity-seed-032
[08:32:56] Sanitized 1 carts → infinity-sandbox-1765895576
[08:32:57] Entering infinity-seed-033
[08:32:57] Sanitized 1 carts → infinity-sandbox-1765895577
[08:32:58] Entering infinity-seed-034
[08:32:58] Sanitized 1 carts → infinity-sandbox-1765895578
[08:32:59] Entering infinity-seed-035
[08:33:01] Sanitized 1 carts → infinity-sandbox-1765895579
[08:33:02] Entering infinity-seed-036
[08:33:02] Sanitized 1 carts → infinity-sandbox-1765895582
[08:33:03] Entering infinity-seed-037
[08:33:03] Sanitized 1 carts → infinity-sandbox-1765895583
[08:33:04] Entering infinity-seed-038
[08:33:04] Sanitized 1 carts → infinity-sandbox-1765895584
[08:33:05] Entering infinity-seed-039
[08:33:05] Sanitized 1 carts → infinity-sandbox-1765895585
[08:33:06] Entering infinity-seed-040
[08:33:06] Sanitized 1 carts → infinity-sandbox-1765895586
[08:33:07] Cart throw requested
[08:33:07] Entering infinity-seed-041
[08:33:07] Sanitized 1 carts → infinity-sandbox-1765895587
[08:33:08] Entering infinity-seed-042
[08:33:08] Sanitized 1 carts → infinity-sandbox-1765895588
[08:33:09] Entering infinity-seed-043
[08:33:09] Sanitized 1 carts → infinity-sandbox-1765895589
[08:33:10] Entering infinity-seed-044
[08:33:10] Sanitized 1 carts → infinity-sandbox-1765895590
[08:33:11] Entering infinity-seed-045
[08:33:11] Sanitized 1 carts → infinity-sandbox-1765895591
[08:33:12] Entering infinity-seed-046
[08:33:12] Sanitized 1 carts → infinity-sandbox-1765895592
[08:33:13] Entering infinity-seed-047
[08:33:13] Sanitized 1 carts → infinity-sandbox-1765895593
[08:33:14] Entering infinity-seed-048
[08:33:14] Sanitized 1 carts → infinity-sandbox-1765895594
[08:33:15] Entering infinity-seed-049
[08:33:17] Sanitized 1 carts → infinity-sandbox-1765895595
[08:33:18] Entering infinity-seed-050
[08:33:18] Sanitized 1 carts → infinity-sandbox-1765895598
[08:33:19] Entering infinity-seed-051
[08:33:19] Sanitized 1 carts → infinity-sandbox-1765895599
[08:33:19] Pause requested
[08:33:20] Paused
[08:33:20] Walker idle
[08:33:21] Cart throw requested
[08:33:27] Walker started
[08:33:27] Found 207 repos
[08:33:27] Entering o_backup
[08:33:28] Sanitized 3 carts → infinity-sandbox-1765895607
[08:33:29] Entering v
[08:33:29] Sanitized 2 carts → infinity-sandbox-1765895609
[08:33:30] Entering z
[08:33:30] Sanitized 2 carts → infinity-sandbox-1765895610
[08:33:31] Entering cpuminer-opt
[08:33:31] Sanitized 0 carts → infinity-sandbox-1765895611
[08:33:32] Entering mongoose.os
[08:33:34] Sanitized 164 carts → infinity-sandbox-1765895612
[08:33:35] Entering infinity-seed-002
[08:33:35] Sanitized 1 carts → infinity-sandbox-1765895615
[08:33:36] Entering infinity-seed-003
[08:33:36] Sanitized 1 carts → infinity-sandbox-1765895616
[08:33:37] Entering infinity-seed-004
[08:33:37] Sanitized 1 carts → infinity-sandbox-1765895617
[08:33:38] Entering infinity-seed-005
[08:33:38] Sanitized 1 carts → infinity-sandbox-1765895618
[08:33:39] Entering infinity-seed-006
[08:33:39] Sanitized 1 carts → infinity-sandbox-1765895619
[08:33:40] Entering infinity-seed-007
[08:33:40] Sanitized 1 carts → infinity-sandbox-1765895620
[08:33:41] Entering infinity-seed-008
[08:33:41] Sanitized 1 carts → infinity-sandbox-1765895621
[08:33:42] Entering infinity-seed-009
[08:33:42] Sanitized 1 carts → infinity-sandbox-1765895622
[08:33:43] Entering infinity-seed-010
[08:33:43] Sanitized 1 carts → infinity-sandbox-1765895623
[08:33:44] Entering infinity-seed-011
[08:33:44] Sanitized 1 carts → infinity-sandbox-1765895624
[08:33:45] Entering infinity-seed-012
[08:33:45] Sanitized 1 carts → infinity-sandbox-1765895625
[08:33:46] Entering infinity-seed-013
[08:33:46] Sanitized 1 carts → infinity-sandbox-1765895626
[08:33:47] Entering infinity-seed-014
[08:33:47] Sanitized 1 carts → infinity-sandbox-1765895627
[08:33:48] Entering infinity-seed-015
[08:33:48] Sanitized 1 carts → infinity-sandbox-1765895628
[08:33:49] Entering infinity-seed-016
[08:33:49] Sanitized 1 carts → infinity-sandbox-1765895629
[08:33:50] Entering infinity-seed-017
[08:33:50] Sanitized 1 carts → infinity-sandbox-1765895630
[08:33:51] Entering infinity-seed-018
[08:33:51] Sanitized 1 carts → infinity-sandbox-1765895631
[08:33:52] Entering infinity-seed-019
[08:33:52] Sanitized 1 carts → infinity-sandbox-1765895632
[08:33:53] Entering infinity-seed-020
[08:33:53] Sanitized 1 carts → infinity-sandbox-1765895633
[08:33:54] Entering infinity-seed-021
[08:33:54] Sanitized 1 carts → infinity-sandbox-1765895634
[08:33:55] Entering infinity-seed-022
[08:33:55] Sanitized 1 carts → infinity-sandbox-1765895635
[08:33:56] Entering infinity-seed-023
[08:33:56] Sanitized 1 carts → infinity-sandbox-1765895636
[08:33:57] Entering infinity-seed-024
[08:33:57] Sanitized 1 carts → infinity-sandbox-1765895637
[08:33:58] Entering infinity-seed-025
[08:34:01] Sanitized 1 carts → infinity-sandbox-1765895638
[08:34:02] Entering infinity-seed-026
[08:34:02] Sanitized 1 carts → infinity-sandbox-1765895642
[08:34:03] Entering infinity-seed-027
[08:34:03] Sanitized 1 carts → infinity-sandbox-1765895643
[08:34:04] Entering infinity-seed-028
[08:34:04] Sanitized 1 carts → infinity-sandbox-1765895644
[08:34:05] Entering infinity-seed-029
[08:34:05] Sanitized 1 carts → infinity-sandbox-1765895645
[08:34:06] Entering infinity-seed-030
[08:34:06] Sanitized 1 carts → infinity-sandbox-1765895646
[08:34:07] Entering infinity-seed-031
[08:34:07] Sanitized 1 carts → infinity-sandbox-1765895647
[08:34:08] Entering infinity-seed-032
[08:34:08] Sanitized 1 carts → infinity-sandbox-1765895648
[08:34:09] Entering infinity-seed-033
[08:34:09] Sanitized 1 carts → infinity-sandbox-1765895649
[08:34:10] Entering infinity-seed-034
[08:34:10] Sanitized 1 carts → infinity-sandbox-1765895650
[08:34:11] Entering infinity-seed-035
[08:34:11] Sanitized 1 carts → infinity-sandbox-1765895651
[08:34:12] Entering infinity-seed-036
[08:34:12] Sanitized 1 carts → infinity-sandbox-1765895652
[08:34:13] Entering infinity-seed-037
[08:34:14] Sanitized 1 carts → infinity-sandbox-1765895653
[08:34:15] Entering infinity-seed-038
[08:34:19] Sanitized 1 carts → infinity-sandbox-1765895655
[08:34:20] Entering infinity-seed-039
[08:34:20] Sanitized 1 carts → infinity-sandbox-1765895660
[08:34:21] Entering infinity-seed-040
[08:34:23] Sanitized 1 carts → infinity-sandbox-1765895661
[08:34:24] Entering infinity-seed-041
[08:34:25] Sanitized 1 carts → infinity-sandbox-1765895664
[08:34:26] Entering infinity-seed-042
[08:34:26] Sanitized 1 carts → infinity-sandbox-1765895666
[08:34:27] Entering infinity-seed-043
[08:34:27] Sanitized 1 carts → infinity-sandbox-1765895667
[08:34:28] Entering infinity-seed-044
[08:34:28] Sanitized 1 carts → infinity-sandbox-1765895668
[08:34:29] Entering infinity-seed-045
[08:34:38] Sanitized 1 carts → infinity-sandbox-1765895669
[08:34:39] Entering infinity-seed-046
[08:34:39] Sanitized 1 carts → infinity-sandbox-1765895679
[08:34:40] Entering infinity-seed-047
[08:34:40] Sanitized 1 carts → infinity-sandbox-1765895680
[08:34:41] Entering infinity-seed-048
[08:34:41] Sanitized 1 carts → infinity-sandbox-1765895681
[08:34:42] Entering infinity-seed-049
[08:34:42] Sanitized 1 carts → infinity-sandbox-1765895682
[08:34:43] Entering infinity-seed-050
[08:34:43] Sanitized 1 carts → infinity-sandbox-1765895683
[08:34:44] Entering infinity-seed-051
[08:34:44] Sanitized 1 carts → infinity-sandbox-1765895684
[08:34:45] Entering infinity-seed-052
[08:34:45] Sanitized 1 carts → infinity-sandbox-1765895685
[08:34:46] Entering infinity-seed-053
[08:34:46] Sanitized 1 carts → infinity-sandbox-1765895686
[08:34:47] Entering infinity-seed-054
[08:34:47] Sanitized 1 carts → infinity-sandbox-1765895687
[08:34:48] Entering infinity-seed-055
[08:34:48] Sanitized 1 carts → infinity-sandbox-1765895688
[08:34:49] Entering infinity-seed-056
[08:34:49] Sanitized 1 carts → infinity-sandbox-1765895689
[08:34:50] Entering infinity-seed-057
[08:34:50] Sanitized 1 carts → infinity-sandbox-1765895690
[08:34:51] Entering infinity-seed-058
[08:34:51] Sanitized 1 carts → infinity-sandbox-1765895691
[08:34:52] Entering infinity-seed-059
[08:34:52] Sanitized 1 carts → infinity-sandbox-1765895692
[08:34:53] Entering infinity-seed-060
[08:34:53] Sanitized 1 carts → infinity-sandbox-1765895693
[08:34:54] Entering infinity-seed-061
[08:34:54] Sanitized 1 carts → infinity-sandbox-1765895694
[08:34:55] Entering infinity-seed-062
[08:34:56] Sanitized 1 carts → infinity-sandbox-1765895695
